2024/07/06 12:30:04 [error] [php] include(User.php): Failed to open stream: No such file or directory (/opt/lampp/htdocs/yii/framework/YiiBase.php:463)
Stack trace:
#0 /opt/lampp/htdocs/yii/framework/YiiBase.php(463): include()
#1 /opt/lampp/htdocs/yii/markyee-backend/protected/controllers/UserController.php(8): autoload()
#2 /opt/lampp/htdocs/yii/framework/web/actions/CInlineAction.php(49): UserController->actionIndex()
#3 /opt/lampp/htdocs/yii/framework/web/CController.php(308): CInlineAction->runWithParams()
#4 /opt/lampp/htdocs/yii/framework/web/CController.php(286): UserController->runAction()
#5 /opt/lampp/htdocs/yii/framework/web/CController.php(265): UserController->runActionWithFilters()
#6 /opt/lampp/htdocs/yii/framework/web/CWebApplication.php(282): UserController->run()
#7 /opt/lampp/htdocs/yii/framework/web/CWebApplication.php(141): CWebApplication->runController()
#8 /opt/lampp/htdocs/yii/framework/base/CApplication.php(185): CWebApplication->processRequest()
#9 /opt/lampp/htdocs/yii/markyee-backend/index.php(13): CWebApplication->run()
REQUEST_URI=/api/users
in /opt/lampp/htdocs/yii/markyee-backend/protected/controllers/UserController.php (8)
in /opt/lampp/htdocs/yii/markyee-backend/index.php (13)
2024/07/06 12:33:17 [error] [exception.CDbException] CDbException: CDbConnection failed to open the DB connection: SQLSTATE[HY000] [2002] No such file or directory in /opt/lampp/htdocs/yii/framework/db/CDbConnection.php:399
Stack trace:
#0 /opt/lampp/htdocs/yii/framework/db/CDbConnection.php(347): CDbConnection->open()
#1 /opt/lampp/htdocs/yii/framework/db/CDbConnection.php(325): CDbConnection->setActive()
#2 /opt/lampp/htdocs/yii/framework/base/CModule.php(394): CDbConnection->init()
#3 /opt/lampp/htdocs/yii/framework/base/CApplication.php(459): CModule->getComponent()
#4 /opt/lampp/htdocs/yii/framework/db/ar/CActiveRecord.php(639): CApplication->getDb()
#5 /opt/lampp/htdocs/yii/framework/db/ar/CActiveRecord.php(672): CActiveRecord->getDbConnection()
#6 /opt/lampp/htdocs/yii/framework/db/ar/CActiveRecord.php(1477): CActiveRecord->getCommandBuilder()
#7 /opt/lampp/htdocs/yii/markyee-backend/protected/controllers/UserController.php(8): CActiveRecord->findAll()
#8 /opt/lampp/htdocs/yii/framework/web/actions/CInlineAction.php(49): UserController->actionIndex()
#9 /opt/lampp/htdocs/yii/framework/web/CController.php(308): CInlineAction->runWithParams()
#10 /opt/lampp/htdocs/yii/framework/web/CController.php(286): CController->runAction()
#11 /opt/lampp/htdocs/yii/framework/web/CController.php(265): CController->runActionWithFilters()
#12 /opt/lampp/htdocs/yii/framework/web/CWebApplication.php(282): CController->run()
#13 /opt/lampp/htdocs/yii/framework/web/CWebApplication.php(141): CWebApplication->runController()
#14 /opt/lampp/htdocs/yii/framework/base/CApplication.php(185): CWebApplication->processRequest()
#15 /opt/lampp/htdocs/yii/markyee-backend/index.php(13): CApplication->run()
#16 {main}
REQUEST_URI=/api/users
---
2024/07/06 12:35:57 [error] [exception.CDbException] CDbException: CDbConnection failed to open the DB connection: SQLSTATE[HY000] [2002] No such file or directory in /opt/lampp/htdocs/yii/framework/db/CDbConnection.php:399
Stack trace:
#0 /opt/lampp/htdocs/yii/framework/db/CDbConnection.php(347): CDbConnection->open()
#1 /opt/lampp/htdocs/yii/framework/db/CDbConnection.php(325): CDbConnection->setActive()
#2 /opt/lampp/htdocs/yii/framework/base/CModule.php(394): CDbConnection->init()
#3 /opt/lampp/htdocs/yii/framework/base/CApplication.php(459): CModule->getComponent()
#4 /opt/lampp/htdocs/yii/framework/db/ar/CActiveRecord.php(639): CApplication->getDb()
#5 /opt/lampp/htdocs/yii/framework/db/ar/CActiveRecord.php(672): CActiveRecord->getDbConnection()
#6 /opt/lampp/htdocs/yii/framework/db/ar/CActiveRecord.php(1477): CActiveRecord->getCommandBuilder()
#7 /opt/lampp/htdocs/yii/markyee-backend/protected/controllers/UserController.php(8): CActiveRecord->findAll()
#8 /opt/lampp/htdocs/yii/framework/web/actions/CInlineAction.php(49): UserController->actionIndex()
#9 /opt/lampp/htdocs/yii/framework/web/CController.php(308): CInlineAction->runWithParams()
#10 /opt/lampp/htdocs/yii/framework/web/CController.php(286): CController->runAction()
#11 /opt/lampp/htdocs/yii/framework/web/CController.php(265): CController->runActionWithFilters()
#12 /opt/lampp/htdocs/yii/framework/web/CWebApplication.php(282): CController->run()
#13 /opt/lampp/htdocs/yii/framework/web/CWebApplication.php(141): CWebApplication->runController()
#14 /opt/lampp/htdocs/yii/framework/base/CApplication.php(185): CWebApplication->processRequest()
#15 /opt/lampp/htdocs/yii/markyee-backend/index.php(13): CApplication->run()
#16 {main}
REQUEST_URI=/api/users
---
2024/07/06 12:36:42 [error] [exception.CDbException] CDbException: CDbConnection failed to open the DB connection: SQLSTATE[HY000] [2002] No such file or directory in /opt/lampp/htdocs/yii/framework/db/CDbConnection.php:399
Stack trace:
#0 /opt/lampp/htdocs/yii/framework/db/CDbConnection.php(347): CDbConnection->open()
#1 /opt/lampp/htdocs/yii/framework/db/CDbConnection.php(325): CDbConnection->setActive()
#2 /opt/lampp/htdocs/yii/framework/base/CModule.php(394): CDbConnection->init()
#3 /opt/lampp/htdocs/yii/framework/base/CApplication.php(459): CModule->getComponent()
#4 /opt/lampp/htdocs/yii/framework/db/ar/CActiveRecord.php(639): CApplication->getDb()
#5 /opt/lampp/htdocs/yii/framework/db/ar/CActiveRecord.php(672): CActiveRecord->getDbConnection()
#6 /opt/lampp/htdocs/yii/framework/db/ar/CActiveRecord.php(1477): CActiveRecord->getCommandBuilder()
#7 /opt/lampp/htdocs/yii/markyee-backend/protected/controllers/UserController.php(8): CActiveRecord->findAll()
#8 /opt/lampp/htdocs/yii/framework/web/actions/CInlineAction.php(49): UserController->actionIndex()
#9 /opt/lampp/htdocs/yii/framework/web/CController.php(308): CInlineAction->runWithParams()
#10 /opt/lampp/htdocs/yii/framework/web/CController.php(286): CController->runAction()
#11 /opt/lampp/htdocs/yii/framework/web/CController.php(265): CController->runActionWithFilters()
#12 /opt/lampp/htdocs/yii/framework/web/CWebApplication.php(282): CController->run()
#13 /opt/lampp/htdocs/yii/framework/web/CWebApplication.php(141): CWebApplication->runController()
#14 /opt/lampp/htdocs/yii/framework/base/CApplication.php(185): CWebApplication->processRequest()
#15 /opt/lampp/htdocs/yii/markyee-backend/index.php(13): CApplication->run()
#16 {main}
REQUEST_URI=/api/users
---
2024/07/06 12:38:08 [error] [exception.CDbException] CDbException: CDbConnection failed to open the DB connection: SQLSTATE[HY000] [2002] No such file or directory in /opt/lampp/htdocs/yii/framework/db/CDbConnection.php:399
Stack trace:
#0 /opt/lampp/htdocs/yii/framework/db/CDbConnection.php(347): CDbConnection->open()
#1 /opt/lampp/htdocs/yii/framework/db/CDbConnection.php(325): CDbConnection->setActive()
#2 /opt/lampp/htdocs/yii/framework/base/CModule.php(394): CDbConnection->init()
#3 /opt/lampp/htdocs/yii/framework/base/CApplication.php(459): CModule->getComponent()
#4 /opt/lampp/htdocs/yii/framework/db/ar/CActiveRecord.php(639): CApplication->getDb()
#5 /opt/lampp/htdocs/yii/framework/db/ar/CActiveRecord.php(672): CActiveRecord->getDbConnection()
#6 /opt/lampp/htdocs/yii/framework/db/ar/CActiveRecord.php(1477): CActiveRecord->getCommandBuilder()
#7 /opt/lampp/htdocs/yii/markyee-backend/protected/controllers/UserController.php(8): CActiveRecord->findAll()
#8 /opt/lampp/htdocs/yii/framework/web/actions/CInlineAction.php(49): UserController->actionIndex()
#9 /opt/lampp/htdocs/yii/framework/web/CController.php(308): CInlineAction->runWithParams()
#10 /opt/lampp/htdocs/yii/framework/web/CController.php(286): CController->runAction()
#11 /opt/lampp/htdocs/yii/framework/web/CController.php(265): CController->runActionWithFilters()
#12 /opt/lampp/htdocs/yii/framework/web/CWebApplication.php(282): CController->run()
#13 /opt/lampp/htdocs/yii/framework/web/CWebApplication.php(141): CWebApplication->runController()
#14 /opt/lampp/htdocs/yii/framework/base/CApplication.php(185): CWebApplication->processRequest()
#15 /opt/lampp/htdocs/yii/markyee-backend/index.php(13): CApplication->run()
#16 {main}
REQUEST_URI=/api/users
---
2024/07/06 12:38:18 [error] [exception.CDbException] CDbException: CDbConnection failed to open the DB connection: SQLSTATE[HY000] [2002] No such file or directory in /opt/lampp/htdocs/yii/framework/db/CDbConnection.php:399
Stack trace:
#0 /opt/lampp/htdocs/yii/framework/db/CDbConnection.php(347): CDbConnection->open()
#1 /opt/lampp/htdocs/yii/framework/db/CDbConnection.php(325): CDbConnection->setActive()
#2 /opt/lampp/htdocs/yii/framework/base/CModule.php(394): CDbConnection->init()
#3 /opt/lampp/htdocs/yii/framework/base/CApplication.php(459): CModule->getComponent()
#4 /opt/lampp/htdocs/yii/framework/db/ar/CActiveRecord.php(639): CApplication->getDb()
#5 /opt/lampp/htdocs/yii/framework/db/ar/CActiveRecord.php(672): CActiveRecord->getDbConnection()
#6 /opt/lampp/htdocs/yii/framework/db/ar/CActiveRecord.php(1477): CActiveRecord->getCommandBuilder()
#7 /opt/lampp/htdocs/yii/markyee-backend/protected/controllers/UserController.php(8): CActiveRecord->findAll()
#8 /opt/lampp/htdocs/yii/framework/web/actions/CInlineAction.php(49): UserController->actionIndex()
#9 /opt/lampp/htdocs/yii/framework/web/CController.php(308): CInlineAction->runWithParams()
#10 /opt/lampp/htdocs/yii/framework/web/CController.php(286): CController->runAction()
#11 /opt/lampp/htdocs/yii/framework/web/CController.php(265): CController->runActionWithFilters()
#12 /opt/lampp/htdocs/yii/framework/web/CWebApplication.php(282): CController->run()
#13 /opt/lampp/htdocs/yii/framework/web/CWebApplication.php(141): CWebApplication->runController()
#14 /opt/lampp/htdocs/yii/framework/base/CApplication.php(185): CWebApplication->processRequest()
#15 /opt/lampp/htdocs/yii/markyee-backend/index.php(13): CApplication->run()
#16 {main}
REQUEST_URI=/api/users
---
2024/07/06 12:42:07 [error] [exception.CDbException] CDbException: CDbConnection failed to open the DB connection: SQLSTATE[HY000] [2002] No such file or directory in /opt/lampp/htdocs/yii/framework/db/CDbConnection.php:399
Stack trace:
#0 /opt/lampp/htdocs/yii/framework/db/CDbConnection.php(347): CDbConnection->open()
#1 /opt/lampp/htdocs/yii/framework/db/CDbConnection.php(325): CDbConnection->setActive()
#2 /opt/lampp/htdocs/yii/framework/base/CModule.php(394): CDbConnection->init()
#3 /opt/lampp/htdocs/yii/framework/base/CApplication.php(459): CModule->getComponent()
#4 /opt/lampp/htdocs/yii/framework/db/ar/CActiveRecord.php(639): CApplication->getDb()
#5 /opt/lampp/htdocs/yii/framework/db/ar/CActiveRecord.php(672): CActiveRecord->getDbConnection()
#6 /opt/lampp/htdocs/yii/framework/db/ar/CActiveRecord.php(1477): CActiveRecord->getCommandBuilder()
#7 /opt/lampp/htdocs/yii/markyee-backend/protected/controllers/UserController.php(8): CActiveRecord->findAll()
#8 /opt/lampp/htdocs/yii/framework/web/actions/CInlineAction.php(49): UserController->actionIndex()
#9 /opt/lampp/htdocs/yii/framework/web/CController.php(308): CInlineAction->runWithParams()
#10 /opt/lampp/htdocs/yii/framework/web/CController.php(286): CController->runAction()
#11 /opt/lampp/htdocs/yii/framework/web/CController.php(265): CController->runActionWithFilters()
#12 /opt/lampp/htdocs/yii/framework/web/CWebApplication.php(282): CController->run()
#13 /opt/lampp/htdocs/yii/framework/web/CWebApplication.php(141): CWebApplication->runController()
#14 /opt/lampp/htdocs/yii/framework/base/CApplication.php(185): CWebApplication->processRequest()
#15 /opt/lampp/htdocs/yii/markyee-backend/index.php(13): CApplication->run()
#16 {main}
REQUEST_URI=/api/users
---
2024/07/06 13:49:43 [error] [exception.CDbException] CDbException: CDbConnection failed to open the DB connection: SQLSTATE[HY000] [2002] No such file or directory in /opt/lampp/htdocs/yii/framework/db/CDbConnection.php:399
Stack trace:
#0 /opt/lampp/htdocs/yii/framework/db/CDbConnection.php(347): CDbConnection->open()
#1 /opt/lampp/htdocs/yii/framework/db/CDbConnection.php(325): CDbConnection->setActive()
#2 /opt/lampp/htdocs/yii/framework/base/CModule.php(394): CDbConnection->init()
#3 /opt/lampp/htdocs/yii/framework/base/CApplication.php(459): CModule->getComponent()
#4 /opt/lampp/htdocs/yii/framework/db/ar/CActiveRecord.php(639): CApplication->getDb()
#5 /opt/lampp/htdocs/yii/framework/db/ar/CActiveRecord.php(672): CActiveRecord->getDbConnection()
#6 /opt/lampp/htdocs/yii/framework/db/ar/CActiveRecord.php(1477): CActiveRecord->getCommandBuilder()
#7 /opt/lampp/htdocs/yii/markyee-backend/protected/controllers/UserController.php(8): CActiveRecord->findAll()
#8 /opt/lampp/htdocs/yii/framework/web/actions/CInlineAction.php(49): UserController->actionIndex()
#9 /opt/lampp/htdocs/yii/framework/web/CController.php(308): CInlineAction->runWithParams()
#10 /opt/lampp/htdocs/yii/framework/web/CController.php(286): CController->runAction()
#11 /opt/lampp/htdocs/yii/framework/web/CController.php(265): CController->runActionWithFilters()
#12 /opt/lampp/htdocs/yii/framework/web/CWebApplication.php(282): CController->run()
#13 /opt/lampp/htdocs/yii/framework/web/CWebApplication.php(141): CWebApplication->runController()
#14 /opt/lampp/htdocs/yii/framework/base/CApplication.php(185): CWebApplication->processRequest()
#15 /opt/lampp/htdocs/yii/markyee-backend/index.php(13): CApplication->run()
#16 {main}
REQUEST_URI=/api/users
---
2024/07/06 13:54:53 [error] [exception.CDbException] CDbException: CDbConnection failed to open the DB connection: SQLSTATE[HY000] [2002] No such file or directory in /opt/lampp/htdocs/yii/framework/db/CDbConnection.php:399
Stack trace:
#0 /opt/lampp/htdocs/yii/framework/db/CDbConnection.php(347): CDbConnection->open()
#1 /opt/lampp/htdocs/yii/framework/db/CDbConnection.php(325): CDbConnection->setActive()
#2 /opt/lampp/htdocs/yii/framework/base/CModule.php(394): CDbConnection->init()
#3 /opt/lampp/htdocs/yii/framework/base/CApplication.php(459): CModule->getComponent()
#4 /opt/lampp/htdocs/yii/framework/db/ar/CActiveRecord.php(639): CApplication->getDb()
#5 /opt/lampp/htdocs/yii/framework/db/ar/CActiveRecord.php(672): CActiveRecord->getDbConnection()
#6 /opt/lampp/htdocs/yii/framework/db/ar/CActiveRecord.php(1477): CActiveRecord->getCommandBuilder()
#7 /opt/lampp/htdocs/yii/markyee-backend/protected/controllers/UserController.php(8): CActiveRecord->findAll()
#8 /opt/lampp/htdocs/yii/framework/web/actions/CInlineAction.php(49): UserController->actionIndex()
#9 /opt/lampp/htdocs/yii/framework/web/CController.php(308): CInlineAction->runWithParams()
#10 /opt/lampp/htdocs/yii/framework/web/CController.php(286): CController->runAction()
#11 /opt/lampp/htdocs/yii/framework/web/CController.php(265): CController->runActionWithFilters()
#12 /opt/lampp/htdocs/yii/framework/web/CWebApplication.php(282): CController->run()
#13 /opt/lampp/htdocs/yii/framework/web/CWebApplication.php(141): CWebApplication->runController()
#14 /opt/lampp/htdocs/yii/framework/base/CApplication.php(185): CWebApplication->processRequest()
#15 /opt/lampp/htdocs/yii/markyee-backend/index.php(13): CApplication->run()
#16 {main}
REQUEST_URI=/api/users
---
2024/07/06 14:18:27 [error] [exception.CHttpException.404] CHttpException: Unable to resolve the request "api/signup". in /opt/lampp/htdocs/yii/framework/web/CWebApplication.php:286
Stack trace:
#0 /opt/lampp/htdocs/yii/framework/web/CWebApplication.php(141): CWebApplication->runController()
#1 /opt/lampp/htdocs/yii/framework/base/CApplication.php(185): CWebApplication->processRequest()
#2 /opt/lampp/htdocs/yii/markyee-backend/index.php(13): CApplication->run()
#3 {main}
REQUEST_URI=/api/signup
---
2024/07/06 14:20:54 [error] [exception.CHttpException.404] CHttpException: Unable to resolve the request "api/signup". in /opt/lampp/htdocs/yii/framework/web/CWebApplication.php:286
Stack trace:
#0 /opt/lampp/htdocs/yii/framework/web/CWebApplication.php(141): CWebApplication->runController()
#1 /opt/lampp/htdocs/yii/framework/base/CApplication.php(185): CWebApplication->processRequest()
#2 /opt/lampp/htdocs/yii/markyee-backend/index.php(13): CApplication->run()
#3 {main}
REQUEST_URI=/api/signup
---
2024/07/06 14:22:26 [error] [exception.CHttpException.404] CHttpException: Unable to resolve the request "api/signup". in /opt/lampp/htdocs/yii/framework/web/CWebApplication.php:286
Stack trace:
#0 /opt/lampp/htdocs/yii/framework/web/CWebApplication.php(141): CWebApplication->runController()
#1 /opt/lampp/htdocs/yii/framework/base/CApplication.php(185): CWebApplication->processRequest()
#2 /opt/lampp/htdocs/yii/markyee-backend/index.php(13): CApplication->run()
#3 {main}
REQUEST_URI=/api/signup
---
2024/07/06 14:23:53 [error] [exception.CHttpException.404] CHttpException: Unable to resolve the request "api/signup". in /opt/lampp/htdocs/yii/framework/web/CWebApplication.php:286
Stack trace:
#0 /opt/lampp/htdocs/yii/framework/web/CWebApplication.php(141): CWebApplication->runController()
#1 /opt/lampp/htdocs/yii/framework/base/CApplication.php(185): CWebApplication->processRequest()
#2 /opt/lampp/htdocs/yii/markyee-backend/index.php(13): CApplication->run()
#3 {main}
REQUEST_URI=/api/signup
---
2024/07/06 14:29:30 [error] [exception.CException] CException: CHttpRequest and its behaviors do not have a method or closure named "sendJsonHeaders". in /opt/lampp/htdocs/yii/framework/base/CComponent.php:264
Stack trace:
#0 /opt/lampp/htdocs/yii/markyee-backend/protected/controllers/UserController.php(28): CComponent->__call()
#1 /opt/lampp/htdocs/yii/framework/web/actions/CInlineAction.php(49): UserController->actionSignup()
#2 /opt/lampp/htdocs/yii/framework/web/CController.php(308): CInlineAction->runWithParams()
#3 /opt/lampp/htdocs/yii/framework/web/CController.php(286): CController->runAction()
#4 /opt/lampp/htdocs/yii/framework/web/CController.php(265): CController->runActionWithFilters()
#5 /opt/lampp/htdocs/yii/framework/web/CWebApplication.php(282): CController->run()
#6 /opt/lampp/htdocs/yii/framework/web/CWebApplication.php(141): CWebApplication->runController()
#7 /opt/lampp/htdocs/yii/framework/base/CApplication.php(185): CWebApplication->processRequest()
#8 /opt/lampp/htdocs/yii/markyee-backend/index.php(13): CApplication->run()
#9 {main}
REQUEST_URI=/api/signup
---
2024/07/06 14:30:13 [error] [exception.CException] CException: CHttpRequest and its behaviors do not have a method or closure named "sendJsonHeaders". in /opt/lampp/htdocs/yii/framework/base/CComponent.php:264
Stack trace:
#0 /opt/lampp/htdocs/yii/markyee-backend/protected/controllers/UserController.php(28): CComponent->__call()
#1 /opt/lampp/htdocs/yii/framework/web/actions/CInlineAction.php(49): UserController->actionSignup()
#2 /opt/lampp/htdocs/yii/framework/web/CController.php(308): CInlineAction->runWithParams()
#3 /opt/lampp/htdocs/yii/framework/web/CController.php(286): CController->runAction()
#4 /opt/lampp/htdocs/yii/framework/web/CController.php(265): CController->runActionWithFilters()
#5 /opt/lampp/htdocs/yii/framework/web/CWebApplication.php(282): CController->run()
#6 /opt/lampp/htdocs/yii/framework/web/CWebApplication.php(141): CWebApplication->runController()
#7 /opt/lampp/htdocs/yii/framework/base/CApplication.php(185): CWebApplication->processRequest()
#8 /opt/lampp/htdocs/yii/markyee-backend/index.php(13): CApplication->run()
#9 {main}
REQUEST_URI=/api/signup
---
2024/07/06 14:35:40 [error] [exception.TypeError] TypeError: trim(): Argument #1 ($string) must be of type string, array given in /opt/lampp/htdocs/yii/markyee-backend/protected/controllers/UserController.php:29
Stack trace:
#0 /opt/lampp/htdocs/yii/markyee-backend/protected/controllers/UserController.php(29): trim()
#1 /opt/lampp/htdocs/yii/framework/web/actions/CInlineAction.php(49): UserController->actionSignup()
#2 /opt/lampp/htdocs/yii/framework/web/CController.php(308): CInlineAction->runWithParams()
#3 /opt/lampp/htdocs/yii/framework/web/CController.php(286): CController->runAction()
#4 /opt/lampp/htdocs/yii/framework/web/CController.php(265): CController->runActionWithFilters()
#5 /opt/lampp/htdocs/yii/framework/web/CWebApplication.php(282): CController->run()
#6 /opt/lampp/htdocs/yii/framework/web/CWebApplication.php(141): CWebApplication->runController()
#7 /opt/lampp/htdocs/yii/framework/base/CApplication.php(185): CWebApplication->processRequest()
#8 /opt/lampp/htdocs/yii/markyee-backend/index.php(13): CApplication->run()
#9 {main}
REQUEST_URI=/api/signup
---
2024/07/06 14:35:56 [error] [php] foreach() argument must be of type array|object, null given (/opt/lampp/htdocs/yii/markyee-backend/protected/controllers/UserController.php:28)
Stack trace:
#0 /opt/lampp/htdocs/yii/framework/web/actions/CInlineAction.php(49): UserController->actionSignup()
#1 /opt/lampp/htdocs/yii/framework/web/CController.php(308): CInlineAction->runWithParams()
#2 /opt/lampp/htdocs/yii/framework/web/CController.php(286): UserController->runAction()
#3 /opt/lampp/htdocs/yii/framework/web/CController.php(265): UserController->runActionWithFilters()
#4 /opt/lampp/htdocs/yii/framework/web/CWebApplication.php(282): UserController->run()
#5 /opt/lampp/htdocs/yii/framework/web/CWebApplication.php(141): CWebApplication->runController()
#6 /opt/lampp/htdocs/yii/framework/base/CApplication.php(185): CWebApplication->processRequest()
#7 /opt/lampp/htdocs/yii/markyee-backend/index.php(13): CWebApplication->run()
REQUEST_URI=/api/signup
in /opt/lampp/htdocs/yii/markyee-backend/protected/controllers/UserController.php (28)
in /opt/lampp/htdocs/yii/markyee-backend/index.php (13)
2024/07/06 14:48:50 [error] [exception.CException] CException: CSecurityManager and its behaviors do not have a method or closure named "generatePasswordHash". in /opt/lampp/htdocs/yii/framework/base/CComponent.php:264
Stack trace:
#0 /opt/lampp/htdocs/yii/markyee-backend/protected/controllers/UserController.php(52): CComponent->__call()
#1 /opt/lampp/htdocs/yii/framework/web/actions/CInlineAction.php(49): UserController->actionSignup()
#2 /opt/lampp/htdocs/yii/framework/web/CController.php(308): CInlineAction->runWithParams()
#3 /opt/lampp/htdocs/yii/framework/web/CController.php(286): CController->runAction()
#4 /opt/lampp/htdocs/yii/framework/web/CController.php(265): CController->runActionWithFilters()
#5 /opt/lampp/htdocs/yii/framework/web/CWebApplication.php(282): CController->run()
#6 /opt/lampp/htdocs/yii/framework/web/CWebApplication.php(141): CWebApplication->runController()
#7 /opt/lampp/htdocs/yii/framework/base/CApplication.php(185): CWebApplication->processRequest()
#8 /opt/lampp/htdocs/yii/markyee-backend/index.php(13): CApplication->run()
#9 {main}
REQUEST_URI=/api/signup
---
2024/07/06 14:49:39 [error] [exception.CException] CException: CSecurityManager and its behaviors do not have a method or closure named "generatePasswordHash". in /opt/lampp/htdocs/yii/framework/base/CComponent.php:264
Stack trace:
#0 /opt/lampp/htdocs/yii/markyee-backend/protected/controllers/UserController.php(52): CComponent->__call()
#1 /opt/lampp/htdocs/yii/framework/web/actions/CInlineAction.php(49): UserController->actionSignup()
#2 /opt/lampp/htdocs/yii/framework/web/CController.php(308): CInlineAction->runWithParams()
#3 /opt/lampp/htdocs/yii/framework/web/CController.php(286): CController->runAction()
#4 /opt/lampp/htdocs/yii/framework/web/CController.php(265): CController->runActionWithFilters()
#5 /opt/lampp/htdocs/yii/framework/web/CWebApplication.php(282): CController->run()
#6 /opt/lampp/htdocs/yii/framework/web/CWebApplication.php(141): CWebApplication->runController()
#7 /opt/lampp/htdocs/yii/framework/base/CApplication.php(185): CWebApplication->processRequest()
#8 /opt/lampp/htdocs/yii/markyee-backend/index.php(13): CApplication->run()
#9 {main}
REQUEST_URI=/api/signup
---
2024/07/06 15:20:12 [error] [system.db.CDbCommand] CDbCommand::execute() failed: SQLSTATE[42S01]: Base table or view already exists: 1050 Table 'user' already exists. The SQL statement executed was: CREATE TABLE `user` (
	`id` int(11) NOT NULL AUTO_INCREMENT PRIMARY KEY,
	`username` varchar(255) NOT NULL,
	`email` varchar(255) NOT NULL,
	`password_hash` varchar(255) NOT NULL,
	`auth_key` varchar(255) NOT NULL,
	`verification_token` varchar(255),
	`is_verified` tinyint(1) DEFAULT 0,
	`created_at` datetime NOT NULL,
	`updated_at` datetime NOT NULL,
	`mobile` varchar(255)
).
2024/07/06 15:20:12 [error] [exception.CDbException] CDbException: CDbCommand failed to execute the SQL statement: SQLSTATE[42S01]: Base table or view already exists: 1050 Table 'user' already exists. The SQL statement executed was: CREATE TABLE `user` (
	`id` int(11) NOT NULL AUTO_INCREMENT PRIMARY KEY,
	`username` varchar(255) NOT NULL,
	`email` varchar(255) NOT NULL,
	`password_hash` varchar(255) NOT NULL,
	`auth_key` varchar(255) NOT NULL,
	`verification_token` varchar(255),
	`is_verified` tinyint(1) DEFAULT 0,
	`created_at` datetime NOT NULL,
	`updated_at` datetime NOT NULL,
	`mobile` varchar(255)
) in /opt/lampp/htdocs/yii/framework/db/CDbCommand.php:358
Stack trace:
#0 /opt/lampp/htdocs/yii/framework/db/CDbCommand.php(1352): CDbCommand->execute()
#1 /opt/lampp/htdocs/yii/framework/db/CDbMigration.php(250): CDbCommand->createTable()
#2 /opt/lampp/htdocs/yii/markyee-backend/protected/migrations/m240706_140935_create_user_table.php(7): CDbMigration->createTable()
#3 /opt/lampp/htdocs/yii/framework/cli/commands/MigrateCommand.php(415): m240706_140935_create_user_table->up()
#4 /opt/lampp/htdocs/yii/framework/cli/commands/MigrateCommand.php(109): MigrateCommand->migrateUp()
#5 [internal function]: MigrateCommand->actionUp()
#6 /opt/lampp/htdocs/yii/framework/console/CConsoleCommand.php(177): ReflectionMethod->invokeArgs()
#7 /opt/lampp/htdocs/yii/framework/console/CConsoleCommandRunner.php(71): CConsoleCommand->run()
#8 /opt/lampp/htdocs/yii/framework/console/CConsoleApplication.php(92): CConsoleCommandRunner->run()
#9 /opt/lampp/htdocs/yii/framework/base/CApplication.php(185): CConsoleApplication->processRequest()
#10 /opt/lampp/htdocs/yii/framework/yiic.php(33): CApplication->run()
#11 /opt/lampp/htdocs/yii/markyee-backend/protected/yiic.php(7): require_once('...')
#12 /opt/lampp/htdocs/yii/markyee-backend/protected/yiic(4): require_once('...')
#13 {main}
---
2024/07/06 15:22:37 [error] [system.db.CDbCommand] CDbCommand::fetchAll() failed: SQLSTATE[42S02]: Base table or view not found: 1146 Table 'mtest.tbl_migration' doesn't exist. The SQL statement executed was: SHOW FULL COLUMNS FROM `tbl_migration`.
2024/07/06 15:32:48 [error] [php] include(CORSFilter.php): Failed to open stream: No such file or directory (/opt/lampp/htdocs/yii/framework/YiiBase.php:463)
Stack trace:
#0 /opt/lampp/htdocs/yii/framework/YiiBase.php(463): include()
#1 unknown(0): autoload()
#2 /opt/lampp/htdocs/yii/framework/YiiBase.php(310): class_exists()
#3 /opt/lampp/htdocs/yii/framework/YiiBase.php(204): import()
#4 /opt/lampp/htdocs/yii/framework/web/filters/CFilterChain.php(90): createComponent()
#5 /opt/lampp/htdocs/yii/framework/web/CController.php(291): create()
#6 /opt/lampp/htdocs/yii/framework/web/CController.php(265): UserController->runActionWithFilters()
#7 /opt/lampp/htdocs/yii/framework/web/CWebApplication.php(282): UserController->run()
#8 /opt/lampp/htdocs/yii/framework/web/CWebApplication.php(141): CWebApplication->runController()
#9 /opt/lampp/htdocs/yii/framework/base/CApplication.php(185): CWebApplication->processRequest()
#10 /opt/lampp/htdocs/yii/markyee-backend/index.php(13): CWebApplication->run()
REQUEST_URI=/api/signup
in /opt/lampp/htdocs/yii/markyee-backend/index.php (13)
2024/07/06 15:32:55 [error] [php] include(CORSFilter.php): Failed to open stream: No such file or directory (/opt/lampp/htdocs/yii/framework/YiiBase.php:463)
Stack trace:
#0 /opt/lampp/htdocs/yii/framework/YiiBase.php(463): include()
#1 unknown(0): autoload()
#2 /opt/lampp/htdocs/yii/framework/YiiBase.php(310): class_exists()
#3 /opt/lampp/htdocs/yii/framework/YiiBase.php(204): import()
#4 /opt/lampp/htdocs/yii/framework/web/filters/CFilterChain.php(90): createComponent()
#5 /opt/lampp/htdocs/yii/framework/web/CController.php(291): create()
#6 /opt/lampp/htdocs/yii/framework/web/CController.php(265): UserController->runActionWithFilters()
#7 /opt/lampp/htdocs/yii/framework/web/CWebApplication.php(282): UserController->run()
#8 /opt/lampp/htdocs/yii/framework/web/CWebApplication.php(141): CWebApplication->runController()
#9 /opt/lampp/htdocs/yii/framework/base/CApplication.php(185): CWebApplication->processRequest()
#10 /opt/lampp/htdocs/yii/markyee-backend/index.php(13): CWebApplication->run()
REQUEST_URI=/api/signup
in /opt/lampp/htdocs/yii/markyee-backend/index.php (13)
2024/07/06 17:28:23 [error] [php] include(CHttpResponse.php): Failed to open stream: No such file or directory (/opt/lampp/htdocs/yii/framework/YiiBase.php:463)
Stack trace:
#0 /opt/lampp/htdocs/yii/framework/YiiBase.php(463): include()
#1 /opt/lampp/htdocs/yii/markyee-backend/protected/controllers/UserController.php(126): autoload()
#2 /opt/lampp/htdocs/yii/markyee-backend/protected/controllers/UserController.php(120): UserController->sendResponse()
#3 /opt/lampp/htdocs/yii/framework/web/actions/CInlineAction.php(49): UserController->actionGetUserDetails()
#4 /opt/lampp/htdocs/yii/framework/web/CController.php(308): CInlineAction->runWithParams()
#5 /opt/lampp/htdocs/yii/framework/web/filters/CFilterChain.php(134): UserController->runAction()
#6 /opt/lampp/htdocs/yii/framework/web/filters/CFilter.php(40): CFilterChain->run()
#7 /opt/lampp/htdocs/yii/framework/web/CController.php(1148): CAccessControlFilter->filter()
#8 /opt/lampp/htdocs/yii/framework/web/filters/CInlineFilter.php(58): UserController->filterAccessControl()
#9 /opt/lampp/htdocs/yii/framework/web/filters/CFilterChain.php(131): CInlineFilter->filter()
#10 /opt/lampp/htdocs/yii/framework/web/CController.php(291): CFilterChain->run()
#11 /opt/lampp/htdocs/yii/framework/web/CController.php(265): UserController->runActionWithFilters()
#12 /opt/lampp/htdocs/yii/framework/web/CWebApplication.php(282): UserController->run()
#13 /opt/lampp/htdocs/yii/framework/web/CWebApplication.php(141): CWebApplication->runController()
#14 /opt/lampp/htdocs/yii/framework/base/CApplication.php(185): CWebApplication->processRequest()
#15 /opt/lampp/htdocs/yii/markyee-backend/index.php(13): CWebApplication->run()
REQUEST_URI=/api/user/details?auth_key=843EtI
in /opt/lampp/htdocs/yii/markyee-backend/protected/controllers/UserController.php (126)
in /opt/lampp/htdocs/yii/markyee-backend/protected/controllers/UserController.php (120)
in /opt/lampp/htdocs/yii/markyee-backend/index.php (13)
2024/07/06 17:28:28 [error] [php] include(CHttpResponse.php): Failed to open stream: No such file or directory (/opt/lampp/htdocs/yii/framework/YiiBase.php:463)
Stack trace:
#0 /opt/lampp/htdocs/yii/framework/YiiBase.php(463): include()
#1 /opt/lampp/htdocs/yii/markyee-backend/protected/controllers/UserController.php(126): autoload()
#2 /opt/lampp/htdocs/yii/markyee-backend/protected/controllers/UserController.php(120): UserController->sendResponse()
#3 /opt/lampp/htdocs/yii/framework/web/actions/CInlineAction.php(49): UserController->actionGetUserDetails()
#4 /opt/lampp/htdocs/yii/framework/web/CController.php(308): CInlineAction->runWithParams()
#5 /opt/lampp/htdocs/yii/framework/web/filters/CFilterChain.php(134): UserController->runAction()
#6 /opt/lampp/htdocs/yii/framework/web/filters/CFilter.php(40): CFilterChain->run()
#7 /opt/lampp/htdocs/yii/framework/web/CController.php(1148): CAccessControlFilter->filter()
#8 /opt/lampp/htdocs/yii/framework/web/filters/CInlineFilter.php(58): UserController->filterAccessControl()
#9 /opt/lampp/htdocs/yii/framework/web/filters/CFilterChain.php(131): CInlineFilter->filter()
#10 /opt/lampp/htdocs/yii/framework/web/CController.php(291): CFilterChain->run()
#11 /opt/lampp/htdocs/yii/framework/web/CController.php(265): UserController->runActionWithFilters()
#12 /opt/lampp/htdocs/yii/framework/web/CWebApplication.php(282): UserController->run()
#13 /opt/lampp/htdocs/yii/framework/web/CWebApplication.php(141): CWebApplication->runController()
#14 /opt/lampp/htdocs/yii/framework/base/CApplication.php(185): CWebApplication->processRequest()
#15 /opt/lampp/htdocs/yii/markyee-backend/index.php(13): CWebApplication->run()
REQUEST_URI=/api/user/details?auth_key=843EtI
in /opt/lampp/htdocs/yii/markyee-backend/protected/controllers/UserController.php (126)
in /opt/lampp/htdocs/yii/markyee-backend/protected/controllers/UserController.php (120)
in /opt/lampp/htdocs/yii/markyee-backend/index.php (13)
2024/07/06 17:28:48 [error] [exception.CHttpException.404] CHttpException: The system is unable to find the requested action "details". in /opt/lampp/htdocs/yii/framework/web/CController.php:486
Stack trace:
#0 /opt/lampp/htdocs/yii/framework/web/CController.php(270): CController->missingAction()
#1 /opt/lampp/htdocs/yii/framework/web/CWebApplication.php(282): CController->run()
#2 /opt/lampp/htdocs/yii/framework/web/CWebApplication.php(141): CWebApplication->runController()
#3 /opt/lampp/htdocs/yii/framework/base/CApplication.php(185): CWebApplication->processRequest()
#4 /opt/lampp/htdocs/yii/markyee-backend/index.php(13): CApplication->run()
#5 {main}
REQUEST_URI=/api/user/843EtI
---
2024/07/06 17:28:52 [error] [exception.CHttpException.404] CHttpException: The system is unable to find the requested action "details". in /opt/lampp/htdocs/yii/framework/web/CController.php:486
Stack trace:
#0 /opt/lampp/htdocs/yii/framework/web/CController.php(270): CController->missingAction()
#1 /opt/lampp/htdocs/yii/framework/web/CWebApplication.php(282): CController->run()
#2 /opt/lampp/htdocs/yii/framework/web/CWebApplication.php(141): CWebApplication->runController()
#3 /opt/lampp/htdocs/yii/framework/base/CApplication.php(185): CWebApplication->processRequest()
#4 /opt/lampp/htdocs/yii/markyee-backend/index.php(13): CApplication->run()
#5 {main}
REQUEST_URI=/api/user/843EtI
---
2024/07/06 17:29:15 [error] [exception.CHttpException.404] CHttpException: The system is unable to find the requested action "details". in /opt/lampp/htdocs/yii/framework/web/CController.php:486
Stack trace:
#0 /opt/lampp/htdocs/yii/framework/web/CController.php(270): CController->missingAction()
#1 /opt/lampp/htdocs/yii/framework/web/CWebApplication.php(282): CController->run()
#2 /opt/lampp/htdocs/yii/framework/web/CWebApplication.php(141): CWebApplication->runController()
#3 /opt/lampp/htdocs/yii/framework/base/CApplication.php(185): CWebApplication->processRequest()
#4 /opt/lampp/htdocs/yii/markyee-backend/index.php(13): CApplication->run()
#5 {main}
REQUEST_URI=/api/user/843EtI
---
2024/07/06 17:29:56 [error] [exception.CHttpException.404] CHttpException: The system is unable to find the requested action "actionGetUserDetails". in /opt/lampp/htdocs/yii/framework/web/CController.php:486
Stack trace:
#0 /opt/lampp/htdocs/yii/framework/web/CController.php(270): CController->missingAction()
#1 /opt/lampp/htdocs/yii/framework/web/CWebApplication.php(282): CController->run()
#2 /opt/lampp/htdocs/yii/framework/web/CWebApplication.php(141): CWebApplication->runController()
#3 /opt/lampp/htdocs/yii/framework/base/CApplication.php(185): CWebApplication->processRequest()
#4 /opt/lampp/htdocs/yii/markyee-backend/index.php(13): CApplication->run()
#5 {main}
REQUEST_URI=/api/user/843EtI
---
2024/07/06 17:31:02 [error] [exception.CHttpException.404] CHttpException: User not found in /opt/lampp/htdocs/yii/markyee-backend/protected/controllers/UserController.php:109
Stack trace:
#0 /opt/lampp/htdocs/yii/framework/web/actions/CInlineAction.php(49): UserController->actionDetails()
#1 /opt/lampp/htdocs/yii/framework/web/CController.php(308): CInlineAction->runWithParams()
#2 /opt/lampp/htdocs/yii/framework/web/filters/CFilterChain.php(134): CController->runAction()
#3 /opt/lampp/htdocs/yii/framework/web/filters/CFilter.php(40): CFilterChain->run()
#4 /opt/lampp/htdocs/yii/framework/web/CController.php(1148): CFilter->filter()
#5 /opt/lampp/htdocs/yii/framework/web/filters/CInlineFilter.php(58): CController->filterAccessControl()
#6 /opt/lampp/htdocs/yii/framework/web/filters/CFilterChain.php(131): CInlineFilter->filter()
#7 /opt/lampp/htdocs/yii/framework/web/CController.php(291): CFilterChain->run()
#8 /opt/lampp/htdocs/yii/framework/web/CController.php(265): CController->runActionWithFilters()
#9 /opt/lampp/htdocs/yii/framework/web/CWebApplication.php(282): CController->run()
#10 /opt/lampp/htdocs/yii/framework/web/CWebApplication.php(141): CWebApplication->runController()
#11 /opt/lampp/htdocs/yii/framework/base/CApplication.php(185): CWebApplication->processRequest()
#12 /opt/lampp/htdocs/yii/markyee-backend/index.php(13): CApplication->run()
#13 {main}
REQUEST_URI=/api/user/843EtI
---
2024/07/06 17:31:05 [error] [exception.CHttpException.404] CHttpException: User not found in /opt/lampp/htdocs/yii/markyee-backend/protected/controllers/UserController.php:109
Stack trace:
#0 /opt/lampp/htdocs/yii/framework/web/actions/CInlineAction.php(49): UserController->actionDetails()
#1 /opt/lampp/htdocs/yii/framework/web/CController.php(308): CInlineAction->runWithParams()
#2 /opt/lampp/htdocs/yii/framework/web/filters/CFilterChain.php(134): CController->runAction()
#3 /opt/lampp/htdocs/yii/framework/web/filters/CFilter.php(40): CFilterChain->run()
#4 /opt/lampp/htdocs/yii/framework/web/CController.php(1148): CFilter->filter()
#5 /opt/lampp/htdocs/yii/framework/web/filters/CInlineFilter.php(58): CController->filterAccessControl()
#6 /opt/lampp/htdocs/yii/framework/web/filters/CFilterChain.php(131): CInlineFilter->filter()
#7 /opt/lampp/htdocs/yii/framework/web/CController.php(291): CFilterChain->run()
#8 /opt/lampp/htdocs/yii/framework/web/CController.php(265): CController->runActionWithFilters()
#9 /opt/lampp/htdocs/yii/framework/web/CWebApplication.php(282): CController->run()
#10 /opt/lampp/htdocs/yii/framework/web/CWebApplication.php(141): CWebApplication->runController()
#11 /opt/lampp/htdocs/yii/framework/base/CApplication.php(185): CWebApplication->processRequest()
#12 /opt/lampp/htdocs/yii/markyee-backend/index.php(13): CApplication->run()
#13 {main}
REQUEST_URI=/api/user/843EtI
---
2024/07/06 17:32:37 [error] [php] include(CHttpResponse.php): Failed to open stream: No such file or directory (/opt/lampp/htdocs/yii/framework/YiiBase.php:463)
Stack trace:
#0 /opt/lampp/htdocs/yii/framework/YiiBase.php(463): include()
#1 /opt/lampp/htdocs/yii/markyee-backend/protected/controllers/UserController.php(126): autoload()
#2 /opt/lampp/htdocs/yii/markyee-backend/protected/controllers/UserController.php(120): UserController->sendResponse()
#3 /opt/lampp/htdocs/yii/framework/web/actions/CInlineAction.php(49): UserController->actionDetails()
#4 /opt/lampp/htdocs/yii/framework/web/CController.php(308): CInlineAction->runWithParams()
#5 /opt/lampp/htdocs/yii/framework/web/filters/CFilterChain.php(134): UserController->runAction()
#6 /opt/lampp/htdocs/yii/framework/web/filters/CFilter.php(40): CFilterChain->run()
#7 /opt/lampp/htdocs/yii/framework/web/CController.php(1148): CAccessControlFilter->filter()
#8 /opt/lampp/htdocs/yii/framework/web/filters/CInlineFilter.php(58): UserController->filterAccessControl()
#9 /opt/lampp/htdocs/yii/framework/web/filters/CFilterChain.php(131): CInlineFilter->filter()
#10 /opt/lampp/htdocs/yii/framework/web/CController.php(291): CFilterChain->run()
#11 /opt/lampp/htdocs/yii/framework/web/CController.php(265): UserController->runActionWithFilters()
#12 /opt/lampp/htdocs/yii/framework/web/CWebApplication.php(282): UserController->run()
#13 /opt/lampp/htdocs/yii/framework/web/CWebApplication.php(141): CWebApplication->runController()
#14 /opt/lampp/htdocs/yii/framework/base/CApplication.php(185): CWebApplication->processRequest()
#15 /opt/lampp/htdocs/yii/markyee-backend/index.php(13): CWebApplication->run()
REQUEST_URI=/api/user/details?auth_key=843EtI
in /opt/lampp/htdocs/yii/markyee-backend/protected/controllers/UserController.php (126)
in /opt/lampp/htdocs/yii/markyee-backend/protected/controllers/UserController.php (120)
in /opt/lampp/htdocs/yii/markyee-backend/index.php (13)
2024/07/06 17:34:06 [error] [php] include(CHttpResponse.php): Failed to open stream: No such file or directory (/opt/lampp/htdocs/yii/framework/YiiBase.php:463)
Stack trace:
#0 /opt/lampp/htdocs/yii/framework/YiiBase.php(463): include()
#1 /opt/lampp/htdocs/yii/markyee-backend/protected/controllers/UserController.php(126): autoload()
#2 /opt/lampp/htdocs/yii/markyee-backend/protected/controllers/UserController.php(120): UserController->sendResponse()
#3 /opt/lampp/htdocs/yii/framework/web/actions/CInlineAction.php(49): UserController->actionDetails()
#4 /opt/lampp/htdocs/yii/framework/web/CController.php(308): CInlineAction->runWithParams()
#5 /opt/lampp/htdocs/yii/framework/web/filters/CFilterChain.php(134): UserController->runAction()
#6 /opt/lampp/htdocs/yii/framework/web/filters/CFilter.php(40): CFilterChain->run()
#7 /opt/lampp/htdocs/yii/framework/web/CController.php(1148): CAccessControlFilter->filter()
#8 /opt/lampp/htdocs/yii/framework/web/filters/CInlineFilter.php(58): UserController->filterAccessControl()
#9 /opt/lampp/htdocs/yii/framework/web/filters/CFilterChain.php(131): CInlineFilter->filter()
#10 /opt/lampp/htdocs/yii/framework/web/CController.php(291): CFilterChain->run()
#11 /opt/lampp/htdocs/yii/framework/web/CController.php(265): UserController->runActionWithFilters()
#12 /opt/lampp/htdocs/yii/framework/web/CWebApplication.php(282): UserController->run()
#13 /opt/lampp/htdocs/yii/framework/web/CWebApplication.php(141): CWebApplication->runController()
#14 /opt/lampp/htdocs/yii/framework/base/CApplication.php(185): CWebApplication->processRequest()
#15 /opt/lampp/htdocs/yii/markyee-backend/index.php(13): CWebApplication->run()
REQUEST_URI=/api/user/details?auth_key=843EtI
in /opt/lampp/htdocs/yii/markyee-backend/protected/controllers/UserController.php (126)
in /opt/lampp/htdocs/yii/markyee-backend/protected/controllers/UserController.php (120)
in /opt/lampp/htdocs/yii/markyee-backend/index.php (13)
2024/07/06 17:35:43 [error] [php] include(CHttpResponse.php): Failed to open stream: No such file or directory (/opt/lampp/htdocs/yii/framework/YiiBase.php:463)
Stack trace:
#0 /opt/lampp/htdocs/yii/framework/YiiBase.php(463): include()
#1 /opt/lampp/htdocs/yii/markyee-backend/protected/controllers/UserController.php(132): autoload()
#2 /opt/lampp/htdocs/yii/markyee-backend/protected/controllers/UserController.php(126): UserController->sendResponse()
#3 /opt/lampp/htdocs/yii/framework/web/actions/CInlineAction.php(49): UserController->actionDetails()
#4 /opt/lampp/htdocs/yii/framework/web/CController.php(308): CInlineAction->runWithParams()
#5 /opt/lampp/htdocs/yii/framework/web/filters/CFilterChain.php(134): UserController->runAction()
#6 /opt/lampp/htdocs/yii/framework/web/filters/CFilter.php(40): CFilterChain->run()
#7 /opt/lampp/htdocs/yii/framework/web/CController.php(1148): CAccessControlFilter->filter()
#8 /opt/lampp/htdocs/yii/framework/web/filters/CInlineFilter.php(58): UserController->filterAccessControl()
#9 /opt/lampp/htdocs/yii/framework/web/filters/CFilterChain.php(131): CInlineFilter->filter()
#10 /opt/lampp/htdocs/yii/framework/web/CController.php(291): CFilterChain->run()
#11 /opt/lampp/htdocs/yii/framework/web/CController.php(265): UserController->runActionWithFilters()
#12 /opt/lampp/htdocs/yii/framework/web/CWebApplication.php(282): UserController->run()
#13 /opt/lampp/htdocs/yii/framework/web/CWebApplication.php(141): CWebApplication->runController()
#14 /opt/lampp/htdocs/yii/framework/base/CApplication.php(185): CWebApplication->processRequest()
#15 /opt/lampp/htdocs/yii/markyee-backend/index.php(13): CWebApplication->run()
REQUEST_URI=/api/user/details?auth_key=843EtI
in /opt/lampp/htdocs/yii/markyee-backend/protected/controllers/UserController.php (132)
in /opt/lampp/htdocs/yii/markyee-backend/protected/controllers/UserController.php (126)
in /opt/lampp/htdocs/yii/markyee-backend/index.php (13)
2024/07/06 17:36:30 [error] [php] include(CHttpResponse.php): Failed to open stream: No such file or directory (/opt/lampp/htdocs/yii/framework/YiiBase.php:463)
Stack trace:
#0 /opt/lampp/htdocs/yii/framework/YiiBase.php(463): include()
#1 /opt/lampp/htdocs/yii/markyee-backend/protected/controllers/UserController.php(132): autoload()
#2 /opt/lampp/htdocs/yii/markyee-backend/protected/controllers/UserController.php(126): UserController->sendResponse()
#3 /opt/lampp/htdocs/yii/framework/web/actions/CInlineAction.php(49): UserController->actionDetails()
#4 /opt/lampp/htdocs/yii/framework/web/CController.php(308): CInlineAction->runWithParams()
#5 /opt/lampp/htdocs/yii/framework/web/filters/CFilterChain.php(134): UserController->runAction()
#6 /opt/lampp/htdocs/yii/framework/web/filters/CFilter.php(40): CFilterChain->run()
#7 /opt/lampp/htdocs/yii/framework/web/CController.php(1148): CAccessControlFilter->filter()
#8 /opt/lampp/htdocs/yii/framework/web/filters/CInlineFilter.php(58): UserController->filterAccessControl()
#9 /opt/lampp/htdocs/yii/framework/web/filters/CFilterChain.php(131): CInlineFilter->filter()
#10 /opt/lampp/htdocs/yii/framework/web/CController.php(291): CFilterChain->run()
#11 /opt/lampp/htdocs/yii/framework/web/CController.php(265): UserController->runActionWithFilters()
#12 /opt/lampp/htdocs/yii/framework/web/CWebApplication.php(282): UserController->run()
#13 /opt/lampp/htdocs/yii/framework/web/CWebApplication.php(141): CWebApplication->runController()
#14 /opt/lampp/htdocs/yii/framework/base/CApplication.php(185): CWebApplication->processRequest()
#15 /opt/lampp/htdocs/yii/markyee-backend/index.php(13): CWebApplication->run()
REQUEST_URI=/api/user/details?auth_key=843EtI
in /opt/lampp/htdocs/yii/markyee-backend/protected/controllers/UserController.php (132)
in /opt/lampp/htdocs/yii/markyee-backend/protected/controllers/UserController.php (126)
in /opt/lampp/htdocs/yii/markyee-backend/index.php (13)
2024/07/06 17:39:06 [error] [exception.CHttpException.404] CHttpException: Unable to resolve the request "api/user/auth-key/843EtI". in /opt/lampp/htdocs/yii/framework/web/CWebApplication.php:286
Stack trace:
#0 /opt/lampp/htdocs/yii/framework/web/CWebApplication.php(141): CWebApplication->runController()
#1 /opt/lampp/htdocs/yii/framework/base/CApplication.php(185): CWebApplication->processRequest()
#2 /opt/lampp/htdocs/yii/markyee-backend/index.php(13): CApplication->run()
#3 {main}
REQUEST_URI=/api/user/auth-key/843EtI
---
2024/07/06 17:40:06 [error] [php] include(CHttpResponse.php): Failed to open stream: No such file or directory (/opt/lampp/htdocs/yii/framework/YiiBase.php:463)
Stack trace:
#0 /opt/lampp/htdocs/yii/framework/YiiBase.php(463): include()
#1 /opt/lampp/htdocs/yii/markyee-backend/protected/controllers/UserController.php(134): autoload()
#2 /opt/lampp/htdocs/yii/markyee-backend/protected/controllers/UserController.php(128): UserController->sendResponse()
#3 unknown(0): UserController->actionDetails()
#4 /opt/lampp/htdocs/yii/framework/web/actions/CAction.php(114): ReflectionMethod->invokeArgs()
#5 /opt/lampp/htdocs/yii/framework/web/actions/CInlineAction.php(47): CInlineAction->runWithParamsInternal()
#6 /opt/lampp/htdocs/yii/framework/web/CController.php(308): CInlineAction->runWithParams()
#7 /opt/lampp/htdocs/yii/framework/web/filters/CFilterChain.php(134): UserController->runAction()
#8 /opt/lampp/htdocs/yii/framework/web/filters/CFilter.php(40): CFilterChain->run()
#9 /opt/lampp/htdocs/yii/framework/web/CController.php(1148): CAccessControlFilter->filter()
#10 /opt/lampp/htdocs/yii/framework/web/filters/CInlineFilter.php(58): UserController->filterAccessControl()
#11 /opt/lampp/htdocs/yii/framework/web/filters/CFilterChain.php(131): CInlineFilter->filter()
#12 /opt/lampp/htdocs/yii/framework/web/CController.php(291): CFilterChain->run()
#13 /opt/lampp/htdocs/yii/framework/web/CController.php(265): UserController->runActionWithFilters()
#14 /opt/lampp/htdocs/yii/framework/web/CWebApplication.php(282): UserController->run()
#15 /opt/lampp/htdocs/yii/framework/web/CWebApplication.php(141): CWebApplication->runController()
#16 /opt/lampp/htdocs/yii/framework/base/CApplication.php(185): CWebApplication->processRequest()
#17 /opt/lampp/htdocs/yii/markyee-backend/index.php(13): CWebApplication->run()
REQUEST_URI=/api/user/auth-key/843EtI
in /opt/lampp/htdocs/yii/markyee-backend/protected/controllers/UserController.php (134)
in /opt/lampp/htdocs/yii/markyee-backend/protected/controllers/UserController.php (128)
in /opt/lampp/htdocs/yii/markyee-backend/index.php (13)
2024/07/06 17:40:53 [error] [exception.CHttpException.404] CHttpException: Unable to resolve the request "api/user/auth-key/843EtI". in /opt/lampp/htdocs/yii/framework/web/CWebApplication.php:286
Stack trace:
#0 /opt/lampp/htdocs/yii/framework/web/CWebApplication.php(141): CWebApplication->runController()
#1 /opt/lampp/htdocs/yii/framework/base/CApplication.php(185): CWebApplication->processRequest()
#2 /opt/lampp/htdocs/yii/markyee-backend/index.php(13): CApplication->run()
#3 {main}
REQUEST_URI=/api/user/auth-key/843EtI
---
2024/07/06 17:40:55 [error] [exception.CHttpException.404] CHttpException: Unable to resolve the request "api/user/auth-key/843EtI". in /opt/lampp/htdocs/yii/framework/web/CWebApplication.php:286
Stack trace:
#0 /opt/lampp/htdocs/yii/framework/web/CWebApplication.php(141): CWebApplication->runController()
#1 /opt/lampp/htdocs/yii/framework/base/CApplication.php(185): CWebApplication->processRequest()
#2 /opt/lampp/htdocs/yii/markyee-backend/index.php(13): CApplication->run()
#3 {main}
REQUEST_URI=/api/user/auth-key/843EtI
---
2024/07/06 17:42:16 [error] [php] include(CHttpResponse.php): Failed to open stream: No such file or directory (/opt/lampp/htdocs/yii/framework/YiiBase.php:463)
Stack trace:
#0 /opt/lampp/htdocs/yii/framework/YiiBase.php(463): include()
#1 /opt/lampp/htdocs/yii/markyee-backend/protected/controllers/UserController.php(134): autoload()
#2 /opt/lampp/htdocs/yii/markyee-backend/protected/controllers/UserController.php(128): UserController->sendResponse()
#3 unknown(0): UserController->actionDetails()
#4 /opt/lampp/htdocs/yii/framework/web/actions/CAction.php(114): ReflectionMethod->invokeArgs()
#5 /opt/lampp/htdocs/yii/framework/web/actions/CInlineAction.php(47): CInlineAction->runWithParamsInternal()
#6 /opt/lampp/htdocs/yii/framework/web/CController.php(308): CInlineAction->runWithParams()
#7 /opt/lampp/htdocs/yii/framework/web/filters/CFilterChain.php(134): UserController->runAction()
#8 /opt/lampp/htdocs/yii/framework/web/filters/CFilter.php(40): CFilterChain->run()
#9 /opt/lampp/htdocs/yii/framework/web/CController.php(1148): CAccessControlFilter->filter()
#10 /opt/lampp/htdocs/yii/framework/web/filters/CInlineFilter.php(58): UserController->filterAccessControl()
#11 /opt/lampp/htdocs/yii/framework/web/filters/CFilterChain.php(131): CInlineFilter->filter()
#12 /opt/lampp/htdocs/yii/framework/web/CController.php(291): CFilterChain->run()
#13 /opt/lampp/htdocs/yii/framework/web/CController.php(265): UserController->runActionWithFilters()
#14 /opt/lampp/htdocs/yii/framework/web/CWebApplication.php(282): UserController->run()
#15 /opt/lampp/htdocs/yii/framework/web/CWebApplication.php(141): CWebApplication->runController()
#16 /opt/lampp/htdocs/yii/framework/base/CApplication.php(185): CWebApplication->processRequest()
#17 /opt/lampp/htdocs/yii/markyee-backend/index.php(13): CWebApplication->run()
REQUEST_URI=/api/user/843EtI
in /opt/lampp/htdocs/yii/markyee-backend/protected/controllers/UserController.php (134)
in /opt/lampp/htdocs/yii/markyee-backend/protected/controllers/UserController.php (128)
in /opt/lampp/htdocs/yii/markyee-backend/index.php (13)
2024/07/06 17:43:43 [error] [php] include(CHttpResponse.php): Failed to open stream: No such file or directory (/opt/lampp/htdocs/yii/framework/YiiBase.php:463)
Stack trace:
#0 /opt/lampp/htdocs/yii/framework/YiiBase.php(463): include()
#1 /opt/lampp/htdocs/yii/markyee-backend/protected/controllers/UserController.php(134): autoload()
#2 /opt/lampp/htdocs/yii/markyee-backend/protected/controllers/UserController.php(128): UserController->sendResponse()
#3 unknown(0): UserController->actionDetails()
#4 /opt/lampp/htdocs/yii/framework/web/actions/CAction.php(114): ReflectionMethod->invokeArgs()
#5 /opt/lampp/htdocs/yii/framework/web/actions/CInlineAction.php(47): CInlineAction->runWithParamsInternal()
#6 /opt/lampp/htdocs/yii/framework/web/CController.php(308): CInlineAction->runWithParams()
#7 /opt/lampp/htdocs/yii/framework/web/filters/CFilterChain.php(134): UserController->runAction()
#8 /opt/lampp/htdocs/yii/framework/web/filters/CFilter.php(40): CFilterChain->run()
#9 /opt/lampp/htdocs/yii/framework/web/CController.php(1148): CAccessControlFilter->filter()
#10 /opt/lampp/htdocs/yii/framework/web/filters/CInlineFilter.php(58): UserController->filterAccessControl()
#11 /opt/lampp/htdocs/yii/framework/web/filters/CFilterChain.php(131): CInlineFilter->filter()
#12 /opt/lampp/htdocs/yii/framework/web/CController.php(291): CFilterChain->run()
#13 /opt/lampp/htdocs/yii/framework/web/CController.php(265): UserController->runActionWithFilters()
#14 /opt/lampp/htdocs/yii/framework/web/CWebApplication.php(282): UserController->run()
#15 /opt/lampp/htdocs/yii/framework/web/CWebApplication.php(141): CWebApplication->runController()
#16 /opt/lampp/htdocs/yii/framework/base/CApplication.php(185): CWebApplication->processRequest()
#17 /opt/lampp/htdocs/yii/markyee-backend/index.php(13): CWebApplication->run()
REQUEST_URI=/api/user/detail/843EtI
in /opt/lampp/htdocs/yii/markyee-backend/protected/controllers/UserController.php (134)
in /opt/lampp/htdocs/yii/markyee-backend/protected/controllers/UserController.php (128)
in /opt/lampp/htdocs/yii/markyee-backend/index.php (13)
2024/07/06 17:45:14 [error] [php] include(CHttpResponse.php): Failed to open stream: No such file or directory (/opt/lampp/htdocs/yii/framework/YiiBase.php:463)
Stack trace:
#0 /opt/lampp/htdocs/yii/framework/YiiBase.php(463): include()
#1 /opt/lampp/htdocs/yii/markyee-backend/protected/controllers/UserController.php(134): autoload()
#2 /opt/lampp/htdocs/yii/markyee-backend/protected/controllers/UserController.php(128): UserController->sendResponse()
#3 unknown(0): UserController->actionDetails()
#4 /opt/lampp/htdocs/yii/framework/web/actions/CAction.php(114): ReflectionMethod->invokeArgs()
#5 /opt/lampp/htdocs/yii/framework/web/actions/CInlineAction.php(47): CInlineAction->runWithParamsInternal()
#6 /opt/lampp/htdocs/yii/framework/web/CController.php(308): CInlineAction->runWithParams()
#7 /opt/lampp/htdocs/yii/framework/web/filters/CFilterChain.php(134): UserController->runAction()
#8 /opt/lampp/htdocs/yii/framework/web/filters/CFilter.php(40): CFilterChain->run()
#9 /opt/lampp/htdocs/yii/framework/web/CController.php(1148): CAccessControlFilter->filter()
#10 /opt/lampp/htdocs/yii/framework/web/filters/CInlineFilter.php(58): UserController->filterAccessControl()
#11 /opt/lampp/htdocs/yii/framework/web/filters/CFilterChain.php(131): CInlineFilter->filter()
#12 /opt/lampp/htdocs/yii/framework/web/CController.php(291): CFilterChain->run()
#13 /opt/lampp/htdocs/yii/framework/web/CController.php(265): UserController->runActionWithFilters()
#14 /opt/lampp/htdocs/yii/framework/web/CWebApplication.php(282): UserController->run()
#15 /opt/lampp/htdocs/yii/framework/web/CWebApplication.php(141): CWebApplication->runController()
#16 /opt/lampp/htdocs/yii/framework/base/CApplication.php(185): CWebApplication->processRequest()
#17 /opt/lampp/htdocs/yii/markyee-backend/index.php(13): CWebApplication->run()
REQUEST_URI=/api/user/detail/843EtI
in /opt/lampp/htdocs/yii/markyee-backend/protected/controllers/UserController.php (134)
in /opt/lampp/htdocs/yii/markyee-backend/protected/controllers/UserController.php (128)
in /opt/lampp/htdocs/yii/markyee-backend/index.php (13)
2024/07/06 17:45:18 [error] [php] include(CHttpResponse.php): Failed to open stream: No such file or directory (/opt/lampp/htdocs/yii/framework/YiiBase.php:463)
Stack trace:
#0 /opt/lampp/htdocs/yii/framework/YiiBase.php(463): include()
#1 /opt/lampp/htdocs/yii/markyee-backend/protected/controllers/UserController.php(134): autoload()
#2 /opt/lampp/htdocs/yii/markyee-backend/protected/controllers/UserController.php(128): UserController->sendResponse()
#3 unknown(0): UserController->actionDetails()
#4 /opt/lampp/htdocs/yii/framework/web/actions/CAction.php(114): ReflectionMethod->invokeArgs()
#5 /opt/lampp/htdocs/yii/framework/web/actions/CInlineAction.php(47): CInlineAction->runWithParamsInternal()
#6 /opt/lampp/htdocs/yii/framework/web/CController.php(308): CInlineAction->runWithParams()
#7 /opt/lampp/htdocs/yii/framework/web/filters/CFilterChain.php(134): UserController->runAction()
#8 /opt/lampp/htdocs/yii/framework/web/filters/CFilter.php(40): CFilterChain->run()
#9 /opt/lampp/htdocs/yii/framework/web/CController.php(1148): CAccessControlFilter->filter()
#10 /opt/lampp/htdocs/yii/framework/web/filters/CInlineFilter.php(58): UserController->filterAccessControl()
#11 /opt/lampp/htdocs/yii/framework/web/filters/CFilterChain.php(131): CInlineFilter->filter()
#12 /opt/lampp/htdocs/yii/framework/web/CController.php(291): CFilterChain->run()
#13 /opt/lampp/htdocs/yii/framework/web/CController.php(265): UserController->runActionWithFilters()
#14 /opt/lampp/htdocs/yii/framework/web/CWebApplication.php(282): UserController->run()
#15 /opt/lampp/htdocs/yii/framework/web/CWebApplication.php(141): CWebApplication->runController()
#16 /opt/lampp/htdocs/yii/framework/base/CApplication.php(185): CWebApplication->processRequest()
#17 /opt/lampp/htdocs/yii/markyee-backend/index.php(13): CWebApplication->run()
REQUEST_URI=/api/user/detail/843EtI
in /opt/lampp/htdocs/yii/markyee-backend/protected/controllers/UserController.php (134)
in /opt/lampp/htdocs/yii/markyee-backend/protected/controllers/UserController.php (128)
in /opt/lampp/htdocs/yii/markyee-backend/index.php (13)
2024/07/06 17:55:34 [error] [exception.CHttpException.404] CHttpException: Unable to resolve the request "api/user/detail". in /opt/lampp/htdocs/yii/framework/web/CWebApplication.php:286
Stack trace:
#0 /opt/lampp/htdocs/yii/framework/web/CWebApplication.php(141): CWebApplication->runController()
#1 /opt/lampp/htdocs/yii/framework/base/CApplication.php(185): CWebApplication->processRequest()
#2 /opt/lampp/htdocs/yii/markyee-backend/index.php(13): CApplication->run()
#3 {main}
REQUEST_URI=/api/user/detail/
HTTP_REFERER=http://localhost:3000/
---
2024/07/06 17:55:39 [error] [exception.CHttpException.404] CHttpException: Unable to resolve the request "api/user/detail/input from". in /opt/lampp/htdocs/yii/framework/web/CWebApplication.php:286
Stack trace:
#0 /opt/lampp/htdocs/yii/framework/web/CWebApplication.php(141): CWebApplication->runController()
#1 /opt/lampp/htdocs/yii/framework/base/CApplication.php(185): CWebApplication->processRequest()
#2 /opt/lampp/htdocs/yii/markyee-backend/index.php(13): CApplication->run()
#3 {main}
REQUEST_URI=/api/user/detail/input%20from
HTTP_REFERER=http://localhost:3000/
---
2024/07/06 17:55:43 [error] [exception.CHttpException.404] CHttpException: Unable to resolve the request "api/user/detail/input from form". in /opt/lampp/htdocs/yii/framework/web/CWebApplication.php:286
Stack trace:
#0 /opt/lampp/htdocs/yii/framework/web/CWebApplication.php(141): CWebApplication->runController()
#1 /opt/lampp/htdocs/yii/framework/base/CApplication.php(185): CWebApplication->processRequest()
#2 /opt/lampp/htdocs/yii/markyee-backend/index.php(13): CApplication->run()
#3 {main}
REQUEST_URI=/api/user/detail/input%20from%20form
HTTP_REFERER=http://localhost:3000/
---
2024/07/06 17:56:14 [error] [exception.CHttpException.404] CHttpException: Unable to resolve the request "api/user/detail/input from form". in /opt/lampp/htdocs/yii/framework/web/CWebApplication.php:286
Stack trace:
#0 /opt/lampp/htdocs/yii/framework/web/CWebApplication.php(141): CWebApplication->runController()
#1 /opt/lampp/htdocs/yii/framework/base/CApplication.php(185): CWebApplication->processRequest()
#2 /opt/lampp/htdocs/yii/markyee-backend/index.php(13): CApplication->run()
#3 {main}
REQUEST_URI=/api/user/detail/input%20from%20form
HTTP_REFERER=http://localhost:3000/
---
2024/07/06 18:03:50 [error] [exception.CHttpException.404] CHttpException: Unable to resolve the request "api/user/detail/input from form". in /opt/lampp/htdocs/yii/framework/web/CWebApplication.php:286
Stack trace:
#0 /opt/lampp/htdocs/yii/framework/web/CWebApplication.php(141): CWebApplication->runController()
#1 /opt/lampp/htdocs/yii/framework/base/CApplication.php(185): CWebApplication->processRequest()
#2 /opt/lampp/htdocs/yii/markyee-backend/index.php(13): CApplication->run()
#3 {main}
REQUEST_URI=/api/user/detail/input%20from%20form
HTTP_REFERER=http://localhost:3000/
---
2024/07/06 18:06:55 [error] [exception.CHttpException.404] CHttpException: Unable to resolve the request "api/user/detail". in /opt/lampp/htdocs/yii/framework/web/CWebApplication.php:286
Stack trace:
#0 /opt/lampp/htdocs/yii/framework/web/CWebApplication.php(141): CWebApplication->runController()
#1 /opt/lampp/htdocs/yii/framework/base/CApplication.php(185): CWebApplication->processRequest()
#2 /opt/lampp/htdocs/yii/markyee-backend/index.php(13): CApplication->run()
#3 {main}
REQUEST_URI=/api/user/detail/
HTTP_REFERER=http://localhost:3000/
---
2024/07/06 18:07:09 [error] [exception.CHttpException.404] CHttpException: Unable to resolve the request "api/user/detail". in /opt/lampp/htdocs/yii/framework/web/CWebApplication.php:286
Stack trace:
#0 /opt/lampp/htdocs/yii/framework/web/CWebApplication.php(141): CWebApplication->runController()
#1 /opt/lampp/htdocs/yii/framework/base/CApplication.php(185): CWebApplication->processRequest()
#2 /opt/lampp/htdocs/yii/markyee-backend/index.php(13): CApplication->run()
#3 {main}
REQUEST_URI=/api/user/detail/
HTTP_REFERER=http://localhost:3000/
---
2024/07/06 18:08:19 [error] [exception.CHttpException.404] CHttpException: Unable to resolve the request "api/user/detail". in /opt/lampp/htdocs/yii/framework/web/CWebApplication.php:286
Stack trace:
#0 /opt/lampp/htdocs/yii/framework/web/CWebApplication.php(141): CWebApplication->runController()
#1 /opt/lampp/htdocs/yii/framework/base/CApplication.php(185): CWebApplication->processRequest()
#2 /opt/lampp/htdocs/yii/markyee-backend/index.php(13): CApplication->run()
#3 {main}
REQUEST_URI=/api/user/detail/
HTTP_REFERER=http://localhost:3000/
---
2024/07/06 18:09:14 [error] [exception.CHttpException.404] CHttpException: Unable to resolve the request "api/user/detail". in /opt/lampp/htdocs/yii/framework/web/CWebApplication.php:286
Stack trace:
#0 /opt/lampp/htdocs/yii/framework/web/CWebApplication.php(141): CWebApplication->runController()
#1 /opt/lampp/htdocs/yii/framework/base/CApplication.php(185): CWebApplication->processRequest()
#2 /opt/lampp/htdocs/yii/markyee-backend/index.php(13): CApplication->run()
#3 {main}
REQUEST_URI=/api/user/detail/
HTTP_REFERER=http://localhost:3000/
---
2024/07/06 18:09:26 [error] [exception.CHttpException.404] CHttpException: Unable to resolve the request "api/user/detail". in /opt/lampp/htdocs/yii/framework/web/CWebApplication.php:286
Stack trace:
#0 /opt/lampp/htdocs/yii/framework/web/CWebApplication.php(141): CWebApplication->runController()
#1 /opt/lampp/htdocs/yii/framework/base/CApplication.php(185): CWebApplication->processRequest()
#2 /opt/lampp/htdocs/yii/markyee-backend/index.php(13): CApplication->run()
#3 {main}
REQUEST_URI=/api/user/detail/
HTTP_REFERER=http://localhost:3000/
---
2024/07/06 19:51:58 [error] [exception.CException] CException: CSecurityManager and its behaviors do not have a method or closure named "verifyPassword". in /opt/lampp/htdocs/yii/framework/base/CComponent.php:264
Stack trace:
#0 /opt/lampp/htdocs/yii/markyee-backend/protected/controllers/UserController.php(163): CComponent->__call()
#1 /opt/lampp/htdocs/yii/framework/web/actions/CInlineAction.php(49): UserController->actionSignin()
#2 /opt/lampp/htdocs/yii/framework/web/CController.php(308): CInlineAction->runWithParams()
#3 /opt/lampp/htdocs/yii/framework/web/filters/CFilterChain.php(134): CController->runAction()
#4 /opt/lampp/htdocs/yii/framework/web/filters/CFilter.php(40): CFilterChain->run()
#5 /opt/lampp/htdocs/yii/framework/web/filters/CFilterChain.php(131): CFilter->filter()
#6 /opt/lampp/htdocs/yii/framework/web/filters/CFilter.php(40): CFilterChain->run()
#7 /opt/lampp/htdocs/yii/framework/web/CController.php(1148): CFilter->filter()
#8 /opt/lampp/htdocs/yii/framework/web/filters/CInlineFilter.php(58): CController->filterAccessControl()
#9 /opt/lampp/htdocs/yii/framework/web/filters/CFilterChain.php(131): CInlineFilter->filter()
#10 /opt/lampp/htdocs/yii/framework/web/CController.php(291): CFilterChain->run()
#11 /opt/lampp/htdocs/yii/framework/web/CController.php(265): CController->runActionWithFilters()
#12 /opt/lampp/htdocs/yii/framework/web/CWebApplication.php(282): CController->run()
#13 /opt/lampp/htdocs/yii/framework/web/CWebApplication.php(141): CWebApplication->runController()
#14 /opt/lampp/htdocs/yii/framework/base/CApplication.php(185): CWebApplication->processRequest()
#15 /opt/lampp/htdocs/yii/markyee-backend/index.php(13): CApplication->run()
#16 {main}
REQUEST_URI=/api/signin
---
2024/07/06 19:52:32 [error] [exception.CException] CException: CSecurityManager and its behaviors do not have a method or closure named "verifyPassword". in /opt/lampp/htdocs/yii/framework/base/CComponent.php:264
Stack trace:
#0 /opt/lampp/htdocs/yii/markyee-backend/protected/controllers/UserController.php(163): CComponent->__call()
#1 /opt/lampp/htdocs/yii/framework/web/actions/CInlineAction.php(49): UserController->actionSignin()
#2 /opt/lampp/htdocs/yii/framework/web/CController.php(308): CInlineAction->runWithParams()
#3 /opt/lampp/htdocs/yii/framework/web/filters/CFilterChain.php(134): CController->runAction()
#4 /opt/lampp/htdocs/yii/framework/web/filters/CFilter.php(40): CFilterChain->run()
#5 /opt/lampp/htdocs/yii/framework/web/filters/CFilterChain.php(131): CFilter->filter()
#6 /opt/lampp/htdocs/yii/framework/web/filters/CFilter.php(40): CFilterChain->run()
#7 /opt/lampp/htdocs/yii/framework/web/CController.php(1148): CFilter->filter()
#8 /opt/lampp/htdocs/yii/framework/web/filters/CInlineFilter.php(58): CController->filterAccessControl()
#9 /opt/lampp/htdocs/yii/framework/web/filters/CFilterChain.php(131): CInlineFilter->filter()
#10 /opt/lampp/htdocs/yii/framework/web/CController.php(291): CFilterChain->run()
#11 /opt/lampp/htdocs/yii/framework/web/CController.php(265): CController->runActionWithFilters()
#12 /opt/lampp/htdocs/yii/framework/web/CWebApplication.php(282): CController->run()
#13 /opt/lampp/htdocs/yii/framework/web/CWebApplication.php(141): CWebApplication->runController()
#14 /opt/lampp/htdocs/yii/framework/base/CApplication.php(185): CWebApplication->processRequest()
#15 /opt/lampp/htdocs/yii/markyee-backend/index.php(13): CApplication->run()
#16 {main}
REQUEST_URI=/api/signin
---
2024/07/06 22:16:53 [error] [exception.CHttpException.404] CHttpException: Unable to resolve the request "api/user/SGD3fU
". in /opt/lampp/htdocs/yii/framework/web/CWebApplication.php:286
Stack trace:
#0 /opt/lampp/htdocs/yii/framework/web/CWebApplication.php(141): CWebApplication->runController()
#1 /opt/lampp/htdocs/yii/framework/base/CApplication.php(185): CWebApplication->processRequest()
#2 /opt/lampp/htdocs/yii/markyee-backend/index.php(13): CApplication->run()
#3 {main}
REQUEST_URI=/api/user/SGD3fU%0A
---
2024/07/06 22:17:15 [error] [exception.CHttpException.404] CHttpException: Unable to resolve the request "api/auth/SGD3fU
". in /opt/lampp/htdocs/yii/framework/web/CWebApplication.php:286
Stack trace:
#0 /opt/lampp/htdocs/yii/framework/web/CWebApplication.php(141): CWebApplication->runController()
#1 /opt/lampp/htdocs/yii/framework/base/CApplication.php(185): CWebApplication->processRequest()
#2 /opt/lampp/htdocs/yii/markyee-backend/index.php(13): CApplication->run()
#3 {main}
REQUEST_URI=/api/auth/SGD3fU%0A
---
2024/07/06 22:18:13 [error] [exception.CHttpException.404] CHttpException: Unable to resolve the request "api/auth/detail/SGD3fU
". in /opt/lampp/htdocs/yii/framework/web/CWebApplication.php:286
Stack trace:
#0 /opt/lampp/htdocs/yii/framework/web/CWebApplication.php(141): CWebApplication->runController()
#1 /opt/lampp/htdocs/yii/framework/base/CApplication.php(185): CWebApplication->processRequest()
#2 /opt/lampp/htdocs/yii/markyee-backend/index.php(13): CApplication->run()
#3 {main}
REQUEST_URI=/api/auth/detail/SGD3fU%0A
---
2024/07/06 22:18:48 [error] [exception.CHttpException.404] CHttpException: Unable to resolve the request "api/user/detail/SGD3fU
". in /opt/lampp/htdocs/yii/framework/web/CWebApplication.php:286
Stack trace:
#0 /opt/lampp/htdocs/yii/framework/web/CWebApplication.php(141): CWebApplication->runController()
#1 /opt/lampp/htdocs/yii/framework/base/CApplication.php(185): CWebApplication->processRequest()
#2 /opt/lampp/htdocs/yii/markyee-backend/index.php(13): CApplication->run()
#3 {main}
REQUEST_URI=/api/user/detail/SGD3fU%0A
---
2024/07/06 22:19:16 [error] [exception.CHttpException.404] CHttpException: Unable to resolve the request "api/user/SGD3fU
". in /opt/lampp/htdocs/yii/framework/web/CWebApplication.php:286
Stack trace:
#0 /opt/lampp/htdocs/yii/framework/web/CWebApplication.php(141): CWebApplication->runController()
#1 /opt/lampp/htdocs/yii/framework/base/CApplication.php(185): CWebApplication->processRequest()
#2 /opt/lampp/htdocs/yii/markyee-backend/index.php(13): CApplication->run()
#3 {main}
REQUEST_URI=/api/user/SGD3fU%0A
---
2024/07/06 23:27:23 [error] [exception.CHttpException.404] CHttpException: Unable to resolve the request "api/user/auth/C3xu8Q". in /opt/lampp/htdocs/yii/framework/web/CWebApplication.php:286
Stack trace:
#0 /opt/lampp/htdocs/yii/framework/web/CWebApplication.php(141): CWebApplication->runController()
#1 /opt/lampp/htdocs/yii/framework/base/CApplication.php(185): CWebApplication->processRequest()
#2 /opt/lampp/htdocs/yii/markyee-backend/index.php(13): CApplication->run()
#3 {main}
REQUEST_URI=/api/user/auth/C3xu8Q
---
2024/07/06 23:27:42 [error] [exception.CHttpException.404] CHttpException: Unable to resolve the request "api/user/auth/C3xu8Q". in /opt/lampp/htdocs/yii/framework/web/CWebApplication.php:286
Stack trace:
#0 /opt/lampp/htdocs/yii/framework/web/CWebApplication.php(141): CWebApplication->runController()
#1 /opt/lampp/htdocs/yii/framework/base/CApplication.php(185): CWebApplication->processRequest()
#2 /opt/lampp/htdocs/yii/markyee-backend/index.php(13): CApplication->run()
#3 {main}
REQUEST_URI=/api/user/auth/C3xu8Q
---
2024/07/06 23:28:56 [error] [exception.CHttpException.404] CHttpException: Unable to resolve the request "api/user/auth/C3xu8Q". in /opt/lampp/htdocs/yii/framework/web/CWebApplication.php:286
Stack trace:
#0 /opt/lampp/htdocs/yii/framework/web/CWebApplication.php(141): CWebApplication->runController()
#1 /opt/lampp/htdocs/yii/framework/base/CApplication.php(185): CWebApplication->processRequest()
#2 /opt/lampp/htdocs/yii/markyee-backend/index.php(13): CApplication->run()
#3 {main}
REQUEST_URI=/api/user/auth/C3xu8Q
---
2024/07/06 23:29:50 [error] [exception.CHttpException.400] CHttpException: Your request is invalid. in /opt/lampp/htdocs/yii/framework/web/CController.php:337
Stack trace:
#0 /opt/lampp/htdocs/yii/framework/web/CController.php(309): CController->invalidActionParams()
#1 /opt/lampp/htdocs/yii/framework/web/filters/CFilterChain.php(134): CController->runAction()
#2 /opt/lampp/htdocs/yii/framework/web/filters/CFilter.php(40): CFilterChain->run()
#3 /opt/lampp/htdocs/yii/framework/web/CController.php(1148): CFilter->filter()
#4 /opt/lampp/htdocs/yii/framework/web/filters/CInlineFilter.php(58): CController->filterAccessControl()
#5 /opt/lampp/htdocs/yii/framework/web/filters/CFilterChain.php(131): CInlineFilter->filter()
#6 /opt/lampp/htdocs/yii/framework/web/CController.php(291): CFilterChain->run()
#7 /opt/lampp/htdocs/yii/framework/web/CController.php(265): CController->runActionWithFilters()
#8 /opt/lampp/htdocs/yii/framework/web/CWebApplication.php(282): CController->run()
#9 /opt/lampp/htdocs/yii/framework/web/CWebApplication.php(141): CWebApplication->runController()
#10 /opt/lampp/htdocs/yii/framework/base/CApplication.php(185): CWebApplication->processRequest()
#11 /opt/lampp/htdocs/yii/markyee-backend/index.php(13): CApplication->run()
#12 {main}
REQUEST_URI=/api/user/auth/C3xu8Q
---
2024/07/06 23:34:52 [error] [exception.CHttpException.400] CHttpException: Your request is invalid. in /opt/lampp/htdocs/yii/framework/web/CController.php:337
Stack trace:
#0 /opt/lampp/htdocs/yii/framework/web/CController.php(309): CController->invalidActionParams()
#1 /opt/lampp/htdocs/yii/framework/web/filters/CFilterChain.php(134): CController->runAction()
#2 /opt/lampp/htdocs/yii/framework/web/filters/CFilter.php(40): CFilterChain->run()
#3 /opt/lampp/htdocs/yii/framework/web/CController.php(1148): CFilter->filter()
#4 /opt/lampp/htdocs/yii/framework/web/filters/CInlineFilter.php(58): CController->filterAccessControl()
#5 /opt/lampp/htdocs/yii/framework/web/filters/CFilterChain.php(131): CInlineFilter->filter()
#6 /opt/lampp/htdocs/yii/framework/web/CController.php(291): CFilterChain->run()
#7 /opt/lampp/htdocs/yii/framework/web/CController.php(265): CController->runActionWithFilters()
#8 /opt/lampp/htdocs/yii/framework/web/CWebApplication.php(282): CController->run()
#9 /opt/lampp/htdocs/yii/framework/web/CWebApplication.php(141): CWebApplication->runController()
#10 /opt/lampp/htdocs/yii/framework/base/CApplication.php(185): CWebApplication->processRequest()
#11 /opt/lampp/htdocs/yii/markyee-backend/index.php(13): CApplication->run()
#12 {main}
REQUEST_URI=/api/user/auth/C3xu8Q
---
2024/07/06 23:35:32 [error] [exception.CHttpException.400] CHttpException: Your request is invalid. in /opt/lampp/htdocs/yii/framework/web/CController.php:337
Stack trace:
#0 /opt/lampp/htdocs/yii/framework/web/CController.php(309): CController->invalidActionParams()
#1 /opt/lampp/htdocs/yii/framework/web/filters/CFilterChain.php(134): CController->runAction()
#2 /opt/lampp/htdocs/yii/framework/web/filters/CFilter.php(40): CFilterChain->run()
#3 /opt/lampp/htdocs/yii/framework/web/CController.php(1148): CFilter->filter()
#4 /opt/lampp/htdocs/yii/framework/web/filters/CInlineFilter.php(58): CController->filterAccessControl()
#5 /opt/lampp/htdocs/yii/framework/web/filters/CFilterChain.php(131): CInlineFilter->filter()
#6 /opt/lampp/htdocs/yii/framework/web/CController.php(291): CFilterChain->run()
#7 /opt/lampp/htdocs/yii/framework/web/CController.php(265): CController->runActionWithFilters()
#8 /opt/lampp/htdocs/yii/framework/web/CWebApplication.php(282): CController->run()
#9 /opt/lampp/htdocs/yii/framework/web/CWebApplication.php(141): CWebApplication->runController()
#10 /opt/lampp/htdocs/yii/framework/base/CApplication.php(185): CWebApplication->processRequest()
#11 /opt/lampp/htdocs/yii/markyee-backend/index.php(13): CApplication->run()
#12 {main}
REQUEST_URI=/api/user/auth/C3xu8Q
---
2024/07/06 23:44:30 [error] [exception.CHttpException.404] CHttpException: Unable to resolve the request "api/user/auth/C3xu8Q/C3xu8Q". in /opt/lampp/htdocs/yii/framework/web/CWebApplication.php:286
Stack trace:
#0 /opt/lampp/htdocs/yii/framework/web/CWebApplication.php(141): CWebApplication->runController()
#1 /opt/lampp/htdocs/yii/framework/base/CApplication.php(185): CWebApplication->processRequest()
#2 /opt/lampp/htdocs/yii/markyee-backend/index.php(13): CApplication->run()
#3 {main}
REQUEST_URI=/api/user/auth/C3xu8Q/C3xu8Q
HTTP_REFERER=http://localhost:3000/
---
2024/07/07 00:36:45 [error] [exception.CHttpException.404] CHttpException: Unable to resolve the request "api/user/test111". in /opt/lampp/htdocs/yii/framework/web/CWebApplication.php:286
Stack trace:
#0 /opt/lampp/htdocs/yii/framework/web/CWebApplication.php(141): CWebApplication->runController()
#1 /opt/lampp/htdocs/yii/framework/base/CApplication.php(185): CWebApplication->processRequest()
#2 /opt/lampp/htdocs/yii/markyee-backend/index.php(13): CApplication->run()
#3 {main}
REQUEST_URI=/api/user/test111
---
2024/07/07 00:37:43 [error] [exception.CHttpException.404] CHttpException: Unable to resolve the request "api/user/test111". in /opt/lampp/htdocs/yii/framework/web/CWebApplication.php:286
Stack trace:
#0 /opt/lampp/htdocs/yii/framework/web/CWebApplication.php(141): CWebApplication->runController()
#1 /opt/lampp/htdocs/yii/framework/base/CApplication.php(185): CWebApplication->processRequest()
#2 /opt/lampp/htdocs/yii/markyee-backend/index.php(13): CApplication->run()
#3 {main}
REQUEST_URI=/api/user/test111
---
2024/07/07 00:37:47 [error] [exception.CHttpException.404] CHttpException: Unable to resolve the request "api/user/test111". in /opt/lampp/htdocs/yii/framework/web/CWebApplication.php:286
Stack trace:
#0 /opt/lampp/htdocs/yii/framework/web/CWebApplication.php(141): CWebApplication->runController()
#1 /opt/lampp/htdocs/yii/framework/base/CApplication.php(185): CWebApplication->processRequest()
#2 /opt/lampp/htdocs/yii/markyee-backend/index.php(13): CApplication->run()
#3 {main}
REQUEST_URI=/api/user/test111
---
2024/07/07 03:02:44 [error] [exception.CException] CException: Property "User.access_token" is not defined. in /opt/lampp/htdocs/yii/framework/base/CComponent.php:130
Stack trace:
#0 /opt/lampp/htdocs/yii/framework/db/ar/CActiveRecord.php(145): CComponent->__get()
#1 /opt/lampp/htdocs/yii/markyee-backend/protected/controllers/UserController.php(99): CActiveRecord->__get()
#2 [internal function]: UserController->actionGetUserAuthKey()
#3 /opt/lampp/htdocs/yii/framework/web/actions/CAction.php(114): ReflectionMethod->invokeArgs()
#4 /opt/lampp/htdocs/yii/framework/web/actions/CInlineAction.php(47): CAction->runWithParamsInternal()
#5 /opt/lampp/htdocs/yii/framework/web/CController.php(308): CInlineAction->runWithParams()
#6 /opt/lampp/htdocs/yii/framework/web/filters/CFilterChain.php(134): CController->runAction()
#7 /opt/lampp/htdocs/yii/framework/web/filters/CFilter.php(40): CFilterChain->run()
#8 /opt/lampp/htdocs/yii/framework/web/filters/CFilterChain.php(131): CFilter->filter()
#9 /opt/lampp/htdocs/yii/framework/web/filters/CFilter.php(40): CFilterChain->run()
#10 /opt/lampp/htdocs/yii/framework/web/CController.php(1148): CFilter->filter()
#11 /opt/lampp/htdocs/yii/framework/web/filters/CInlineFilter.php(58): CController->filterAccessControl()
#12 /opt/lampp/htdocs/yii/framework/web/filters/CFilterChain.php(131): CInlineFilter->filter()
#13 /opt/lampp/htdocs/yii/framework/web/CController.php(291): CFilterChain->run()
#14 /opt/lampp/htdocs/yii/framework/web/CController.php(265): CController->runActionWithFilters()
#15 /opt/lampp/htdocs/yii/framework/web/CWebApplication.php(282): CController->run()
#16 /opt/lampp/htdocs/yii/framework/web/CWebApplication.php(141): CWebApplication->runController()
#17 /opt/lampp/htdocs/yii/framework/base/CApplication.php(185): CWebApplication->processRequest()
#18 /opt/lampp/htdocs/yii/markyee-backend/index.php(13): CApplication->run()
#19 {main}
REQUEST_URI=/api/user/auth/C3xu8Q
---
2024/07/07 03:04:12 [error] [system.db.CDbCommand] CDbCommand::fetchAll() failed: SQLSTATE[42S02]: Base table or view not found: 1146 Table 'mtest.tbl_migration' doesn't exist. The SQL statement executed was: SHOW FULL COLUMNS FROM `tbl_migration`.
2024/07/07 03:45:00 [error] [exception.CHttpException.404] CHttpException: Unable to resolve the request "api/user/username/"test111"". in /opt/lampp/htdocs/yii/framework/web/CWebApplication.php:286
Stack trace:
#0 /opt/lampp/htdocs/yii/framework/web/CWebApplication.php(141): CWebApplication->runController()
#1 /opt/lampp/htdocs/yii/framework/base/CApplication.php(185): CWebApplication->processRequest()
#2 /opt/lampp/htdocs/yii/markyee-backend/index.php(13): CApplication->run()
#3 {main}
REQUEST_URI=/api/user/username/%22test111%22
HTTP_REFERER=http://localhost:3000/
---
2024/07/07 04:57:08 [error] [exception.CException] CException: CSecurityManager and its behaviors do not have a method or closure named "verifyPassword". in /opt/lampp/htdocs/yii/framework/base/CComponent.php:264
Stack trace:
#0 /opt/lampp/htdocs/yii/markyee-backend/protected/controllers/UserController.php(195): CComponent->__call()
#1 /opt/lampp/htdocs/yii/framework/web/actions/CInlineAction.php(49): UserController->actionSignin()
#2 /opt/lampp/htdocs/yii/framework/web/CController.php(308): CInlineAction->runWithParams()
#3 /opt/lampp/htdocs/yii/framework/web/filters/CFilterChain.php(134): CController->runAction()
#4 /opt/lampp/htdocs/yii/framework/web/filters/CFilter.php(40): CFilterChain->run()
#5 /opt/lampp/htdocs/yii/framework/web/filters/CFilterChain.php(131): CFilter->filter()
#6 /opt/lampp/htdocs/yii/framework/web/filters/CFilter.php(40): CFilterChain->run()
#7 /opt/lampp/htdocs/yii/framework/web/CController.php(1148): CFilter->filter()
#8 /opt/lampp/htdocs/yii/framework/web/filters/CInlineFilter.php(58): CController->filterAccessControl()
#9 /opt/lampp/htdocs/yii/framework/web/filters/CFilterChain.php(131): CInlineFilter->filter()
#10 /opt/lampp/htdocs/yii/framework/web/CController.php(291): CFilterChain->run()
#11 /opt/lampp/htdocs/yii/framework/web/CController.php(265): CController->runActionWithFilters()
#12 /opt/lampp/htdocs/yii/framework/web/CWebApplication.php(282): CController->run()
#13 /opt/lampp/htdocs/yii/framework/web/CWebApplication.php(141): CWebApplication->runController()
#14 /opt/lampp/htdocs/yii/framework/base/CApplication.php(185): CWebApplication->processRequest()
#15 /opt/lampp/htdocs/yii/markyee-backend/index.php(13): CApplication->run()
#16 {main}
REQUEST_URI=/api/signin
---
2024/07/07 04:57:26 [error] [exception.CException] CException: CSecurityManager and its behaviors do not have a method or closure named "verifyPassword". in /opt/lampp/htdocs/yii/framework/base/CComponent.php:264
Stack trace:
#0 /opt/lampp/htdocs/yii/markyee-backend/protected/controllers/UserController.php(195): CComponent->__call()
#1 /opt/lampp/htdocs/yii/framework/web/actions/CInlineAction.php(49): UserController->actionSignin()
#2 /opt/lampp/htdocs/yii/framework/web/CController.php(308): CInlineAction->runWithParams()
#3 /opt/lampp/htdocs/yii/framework/web/filters/CFilterChain.php(134): CController->runAction()
#4 /opt/lampp/htdocs/yii/framework/web/filters/CFilter.php(40): CFilterChain->run()
#5 /opt/lampp/htdocs/yii/framework/web/filters/CFilterChain.php(131): CFilter->filter()
#6 /opt/lampp/htdocs/yii/framework/web/filters/CFilter.php(40): CFilterChain->run()
#7 /opt/lampp/htdocs/yii/framework/web/CController.php(1148): CFilter->filter()
#8 /opt/lampp/htdocs/yii/framework/web/filters/CInlineFilter.php(58): CController->filterAccessControl()
#9 /opt/lampp/htdocs/yii/framework/web/filters/CFilterChain.php(131): CInlineFilter->filter()
#10 /opt/lampp/htdocs/yii/framework/web/CController.php(291): CFilterChain->run()
#11 /opt/lampp/htdocs/yii/framework/web/CController.php(265): CController->runActionWithFilters()
#12 /opt/lampp/htdocs/yii/framework/web/CWebApplication.php(282): CController->run()
#13 /opt/lampp/htdocs/yii/framework/web/CWebApplication.php(141): CWebApplication->runController()
#14 /opt/lampp/htdocs/yii/framework/base/CApplication.php(185): CWebApplication->processRequest()
#15 /opt/lampp/htdocs/yii/markyee-backend/index.php(13): CApplication->run()
#16 {main}
REQUEST_URI=/api/signin
---
2024/07/07 05:05:59 [error] [exception.CHttpException.404] CHttpException: The system is unable to find the requested action "test111". in /opt/lampp/htdocs/yii/framework/web/CController.php:486
Stack trace:
#0 /opt/lampp/htdocs/yii/framework/web/CController.php(270): CController->missingAction()
#1 /opt/lampp/htdocs/yii/framework/web/CWebApplication.php(282): CController->run()
#2 /opt/lampp/htdocs/yii/framework/web/CWebApplication.php(141): CWebApplication->runController()
#3 /opt/lampp/htdocs/yii/framework/base/CApplication.php(185): CWebApplication->processRequest()
#4 /opt/lampp/htdocs/yii/markyee-backend/index.php(13): CApplication->run()
#5 {main}
REQUEST_URI=/user/test111
---
2024/07/07 05:08:12 [error] [exception.CHttpException.404] CHttpException: The system is unable to find the requested action "test111". in /opt/lampp/htdocs/yii/framework/web/CController.php:486
Stack trace:
#0 /opt/lampp/htdocs/yii/framework/web/CController.php(270): CController->missingAction()
#1 /opt/lampp/htdocs/yii/framework/web/CWebApplication.php(282): CController->run()
#2 /opt/lampp/htdocs/yii/framework/web/CWebApplication.php(141): CWebApplication->runController()
#3 /opt/lampp/htdocs/yii/framework/base/CApplication.php(185): CWebApplication->processRequest()
#4 /opt/lampp/htdocs/yii/markyee-backend/index.php(13): CApplication->run()
#5 {main}
REQUEST_URI=/user/test111
---
2024/07/07 05:09:39 [error] [exception.CHttpException.404] CHttpException: The system is unable to find the requested action "test111". in /opt/lampp/htdocs/yii/framework/web/CController.php:486
Stack trace:
#0 /opt/lampp/htdocs/yii/framework/web/CController.php(270): CController->missingAction()
#1 /opt/lampp/htdocs/yii/framework/web/CWebApplication.php(282): CController->run()
#2 /opt/lampp/htdocs/yii/framework/web/CWebApplication.php(141): CWebApplication->runController()
#3 /opt/lampp/htdocs/yii/framework/base/CApplication.php(185): CWebApplication->processRequest()
#4 /opt/lampp/htdocs/yii/markyee-backend/index.php(13): CApplication->run()
#5 {main}
REQUEST_URI=/user/test111
---
2024/07/07 05:31:27 [error] [exception.CDbException] CDbException: CDbConnection failed to open the DB connection: SQLSTATE[HY000] [2002] Connection refused in /opt/lampp/htdocs/yii/framework/db/CDbConnection.php:399
Stack trace:
#0 /opt/lampp/htdocs/yii/framework/db/CDbConnection.php(347): CDbConnection->open()
#1 /opt/lampp/htdocs/yii/framework/db/CDbConnection.php(325): CDbConnection->setActive()
#2 /opt/lampp/htdocs/yii/framework/base/CModule.php(394): CDbConnection->init()
#3 /opt/lampp/htdocs/yii/framework/base/CApplication.php(459): CModule->getComponent()
#4 /opt/lampp/htdocs/yii/framework/db/ar/CActiveRecord.php(639): CApplication->getDb()
#5 /opt/lampp/htdocs/yii/framework/db/ar/CActiveRecord.php(1436): CActiveRecord->getDbConnection()
#6 /opt/lampp/htdocs/yii/framework/db/ar/CActiveRecord.php(1525): CActiveRecord->getTableAlias()
#7 /opt/lampp/htdocs/yii/markyee-backend/protected/controllers/UserController.php(186): CActiveRecord->findByAttributes()
#8 /opt/lampp/htdocs/yii/framework/web/actions/CInlineAction.php(49): UserController->actionSignin()
#9 /opt/lampp/htdocs/yii/framework/web/CController.php(308): CInlineAction->runWithParams()
#10 /opt/lampp/htdocs/yii/framework/web/filters/CFilterChain.php(134): CController->runAction()
#11 /opt/lampp/htdocs/yii/framework/web/filters/CFilter.php(40): CFilterChain->run()
#12 /opt/lampp/htdocs/yii/framework/web/filters/CFilterChain.php(131): CFilter->filter()
#13 /opt/lampp/htdocs/yii/framework/web/filters/CFilter.php(40): CFilterChain->run()
#14 /opt/lampp/htdocs/yii/framework/web/CController.php(1148): CFilter->filter()
#15 /opt/lampp/htdocs/yii/framework/web/filters/CInlineFilter.php(58): CController->filterAccessControl()
#16 /opt/lampp/htdocs/yii/framework/web/filters/CFilterChain.php(131): CInlineFilter->filter()
#17 /opt/lampp/htdocs/yii/framework/web/CController.php(291): CFilterChain->run()
#18 /opt/lampp/htdocs/yii/framework/web/CController.php(265): CController->runActionWithFilters()
#19 /opt/lampp/htdocs/yii/framework/web/CWebApplication.php(282): CController->run()
#20 /opt/lampp/htdocs/yii/framework/web/CWebApplication.php(141): CWebApplication->runController()
#21 /opt/lampp/htdocs/yii/framework/base/CApplication.php(185): CWebApplication->processRequest()
#22 /opt/lampp/htdocs/yii/markyee-backend/index.php(13): CApplication->run()
#23 {main}
REQUEST_URI=/api/signin
HTTP_REFERER=http://localhost:3000/
---
2024/07/07 05:35:56 [error] [exception.CHttpException.404] CHttpException: The system is unable to find the requested action "test111". in /opt/lampp/htdocs/yii/framework/web/CController.php:486
Stack trace:
#0 /opt/lampp/htdocs/yii/framework/web/CController.php(270): CController->missingAction()
#1 /opt/lampp/htdocs/yii/framework/web/CWebApplication.php(282): CController->run()
#2 /opt/lampp/htdocs/yii/framework/web/CWebApplication.php(141): CWebApplication->runController()
#3 /opt/lampp/htdocs/yii/framework/base/CApplication.php(185): CWebApplication->processRequest()
#4 /opt/lampp/htdocs/yii/markyee-backend/index.php(13): CApplication->run()
#5 {main}
REQUEST_URI=/user/test111
---
2024/07/07 05:37:31 [error] [exception.CHttpException.404] CHttpException: The system is unable to find the requested action "test111". in /opt/lampp/htdocs/yii/framework/web/CController.php:486
Stack trace:
#0 /opt/lampp/htdocs/yii/framework/web/CController.php(270): CController->missingAction()
#1 /opt/lampp/htdocs/yii/framework/web/CWebApplication.php(282): CController->run()
#2 /opt/lampp/htdocs/yii/framework/web/CWebApplication.php(141): CWebApplication->runController()
#3 /opt/lampp/htdocs/yii/framework/base/CApplication.php(185): CWebApplication->processRequest()
#4 /opt/lampp/htdocs/yii/markyee-backend/index.php(13): CApplication->run()
#5 {main}
REQUEST_URI=/user/test111
---
2024/07/07 06:01:54 [error] [exception.CDbException] CDbException: CDbConnection failed to open the DB connection: SQLSTATE[HY000] [2002] Connection refused in /opt/lampp/htdocs/yii/framework/db/CDbConnection.php:399
Stack trace:
#0 /opt/lampp/htdocs/yii/framework/db/CDbConnection.php(347): CDbConnection->open()
#1 /opt/lampp/htdocs/yii/framework/db/CDbConnection.php(325): CDbConnection->setActive()
#2 /opt/lampp/htdocs/yii/framework/base/CModule.php(394): CDbConnection->init()
#3 /opt/lampp/htdocs/yii/framework/base/CApplication.php(459): CModule->getComponent()
#4 /opt/lampp/htdocs/yii/framework/db/ar/CActiveRecord.php(639): CApplication->getDb()
#5 /opt/lampp/htdocs/yii/framework/db/ar/CActiveRecord.php(1436): CActiveRecord->getDbConnection()
#6 /opt/lampp/htdocs/yii/framework/db/ar/CActiveRecord.php(1525): CActiveRecord->getTableAlias()
#7 /opt/lampp/htdocs/yii/markyee-backend/protected/controllers/UserController.php(186): CActiveRecord->findByAttributes()
#8 /opt/lampp/htdocs/yii/framework/web/actions/CInlineAction.php(49): UserController->actionSignin()
#9 /opt/lampp/htdocs/yii/framework/web/CController.php(308): CInlineAction->runWithParams()
#10 /opt/lampp/htdocs/yii/framework/web/filters/CFilterChain.php(134): CController->runAction()
#11 /opt/lampp/htdocs/yii/framework/web/filters/CFilter.php(40): CFilterChain->run()
#12 /opt/lampp/htdocs/yii/framework/web/filters/CFilterChain.php(131): CFilter->filter()
#13 /opt/lampp/htdocs/yii/framework/web/filters/CFilter.php(40): CFilterChain->run()
#14 /opt/lampp/htdocs/yii/framework/web/CController.php(1148): CFilter->filter()
#15 /opt/lampp/htdocs/yii/framework/web/filters/CInlineFilter.php(58): CController->filterAccessControl()
#16 /opt/lampp/htdocs/yii/framework/web/filters/CFilterChain.php(131): CInlineFilter->filter()
#17 /opt/lampp/htdocs/yii/framework/web/CController.php(291): CFilterChain->run()
#18 /opt/lampp/htdocs/yii/framework/web/CController.php(265): CController->runActionWithFilters()
#19 /opt/lampp/htdocs/yii/framework/web/CWebApplication.php(282): CController->run()
#20 /opt/lampp/htdocs/yii/framework/web/CWebApplication.php(141): CWebApplication->runController()
#21 /opt/lampp/htdocs/yii/framework/base/CApplication.php(185): CWebApplication->processRequest()
#22 /opt/lampp/htdocs/yii/markyee-backend/index.php(13): CApplication->run()
#23 {main}
REQUEST_URI=/api/signin
HTTP_REFERER=http://localhost:3000/
---
2024/07/07 06:02:11 [error] [exception.CDbException] CDbException: CDbConnection failed to open the DB connection: SQLSTATE[HY000] [2002] Connection refused in /opt/lampp/htdocs/yii/framework/db/CDbConnection.php:399
Stack trace:
#0 /opt/lampp/htdocs/yii/framework/db/CDbConnection.php(347): CDbConnection->open()
#1 /opt/lampp/htdocs/yii/framework/db/CDbConnection.php(325): CDbConnection->setActive()
#2 /opt/lampp/htdocs/yii/framework/base/CModule.php(394): CDbConnection->init()
#3 /opt/lampp/htdocs/yii/framework/base/CApplication.php(459): CModule->getComponent()
#4 /opt/lampp/htdocs/yii/framework/db/ar/CActiveRecord.php(639): CApplication->getDb()
#5 /opt/lampp/htdocs/yii/framework/db/ar/CActiveRecord.php(1436): CActiveRecord->getDbConnection()
#6 /opt/lampp/htdocs/yii/framework/db/ar/CActiveRecord.php(1525): CActiveRecord->getTableAlias()
#7 /opt/lampp/htdocs/yii/markyee-backend/protected/controllers/UserController.php(186): CActiveRecord->findByAttributes()
#8 /opt/lampp/htdocs/yii/framework/web/actions/CInlineAction.php(49): UserController->actionSignin()
#9 /opt/lampp/htdocs/yii/framework/web/CController.php(308): CInlineAction->runWithParams()
#10 /opt/lampp/htdocs/yii/framework/web/filters/CFilterChain.php(134): CController->runAction()
#11 /opt/lampp/htdocs/yii/framework/web/filters/CFilter.php(40): CFilterChain->run()
#12 /opt/lampp/htdocs/yii/framework/web/filters/CFilterChain.php(131): CFilter->filter()
#13 /opt/lampp/htdocs/yii/framework/web/filters/CFilter.php(40): CFilterChain->run()
#14 /opt/lampp/htdocs/yii/framework/web/CController.php(1148): CFilter->filter()
#15 /opt/lampp/htdocs/yii/framework/web/filters/CInlineFilter.php(58): CController->filterAccessControl()
#16 /opt/lampp/htdocs/yii/framework/web/filters/CFilterChain.php(131): CInlineFilter->filter()
#17 /opt/lampp/htdocs/yii/framework/web/CController.php(291): CFilterChain->run()
#18 /opt/lampp/htdocs/yii/framework/web/CController.php(265): CController->runActionWithFilters()
#19 /opt/lampp/htdocs/yii/framework/web/CWebApplication.php(282): CController->run()
#20 /opt/lampp/htdocs/yii/framework/web/CWebApplication.php(141): CWebApplication->runController()
#21 /opt/lampp/htdocs/yii/framework/base/CApplication.php(185): CWebApplication->processRequest()
#22 /opt/lampp/htdocs/yii/markyee-backend/index.php(13): CApplication->run()
#23 {main}
REQUEST_URI=/api/signin
HTTP_REFERER=http://localhost:3000/
---
